<?xml version="1.0" encoding="UTF-8"?>
<!-- Generated by org.testng.reporters.JUnitXMLReporter -->
<testsuite hostname="posdep22" name="Critical Test" tests="171" failures="0" timestamp="15 Apr 2014 16:51:12 GMT" time="6576.282" errors="0">
  <testcase name="pendingTransaction" time="72.219" classname="critical.transaction.Simple"/>
  <testcase name="preAuthTransactionFull" time="22.67" classname="critical.transaction.Simple"/>
  <testcase name="preAuthTransactionPartial" time="20.253" classname="critical.transaction.Simple"/>
  <testcase name="pendingTransaction" time="37.005" classname="critical.transaction.Simple_Sapmax"/>
  <testcase name="preAuthTransactionFull" time="38.382" classname="critical.transaction.Simple_Sapmax"/>
  <testcase name="preAuthTransactionPartial" time="37.671" classname="critical.transaction.Simple_Sapmax"/>
  <testcase name="threeDSTransactionPending" time="20.427" classname="critical.transaction.ThreeDSTransaction"/>
  <testcase name="threeDSTransactionPreAuthFull" time="20.128" classname="critical.transaction.ThreeDSTransaction"/>
  <testcase name="threeDSTransactionPreAuthPartial" time="20.049" classname="critical.transaction.ThreeDSTransaction"/>
  <testcase name="preAuthTransactionFull" time="40.142" classname="critical.transaction.ThreeDSTransaction_Sapmax"/>
  <testcase name="preAuthTransactionPartial" time="39.467" classname="critical.transaction.ThreeDSTransaction_Sapmax"/>
  <testcase name="threeDSTransactionPending" time="38.097" classname="critical.transaction.ThreeDSTransaction_Sapmax"/>
  <testcase name="SimpleFullCompletedPreAuthVoid" time="30.189" classname="critical.transaction.Voided"/>
  <testcase name="SimpleFullCompletedPreAuthVoidAdmin" time="28.377" classname="critical.transaction.Voided"/>
  <testcase name="SimplePartialCompletedPreAuthVoid" time="29.811" classname="critical.transaction.Voided"/>
  <testcase name="SimplePartialCompletedPreAuthVoidAdmin" time="28.25" classname="critical.transaction.Voided"/>
  <testcase name="SimplePendingVoid" time="43.74" classname="critical.transaction.Voided"/>
  <testcase name="SimplePendingVoidAdmin" time="45.814" classname="critical.transaction.Voided"/>
  <testcase name="SimplePreAuthVoid" time="22.368" classname="critical.transaction.Voided"/>
  <testcase name="SimplePreAuthVoidAdmin" time="21.139" classname="critical.transaction.Voided"/>
  <testcase name="SimpleSapmaxFullCompletedPreAuthVoid" time="47.022" classname="critical.transaction.Voided"/>
  <testcase name="SimpleSapmaxFullCompletedPreAuthVoidAdmin" time="46.241" classname="critical.transaction.Voided"/>
  <testcase name="SimpleSapmaxPartialCompletedPreAuthVoid" time="50.492" classname="critical.transaction.Voided"/>
  <testcase name="SimpleSapmaxPartialCompletedPreAuthVoidAdmin" time="48.815" classname="critical.transaction.Voided"/>
  <testcase name="SimpleSapmaxPendingVoid" time="41.833" classname="critical.transaction.Voided"/>
  <testcase name="SimpleSapmaxPendingVoidAdmin" time="40.082" classname="critical.transaction.Voided"/>
  <testcase name="SimpleSapmaxPreAuthVoid" time="41.323" classname="critical.transaction.Voided"/>
  <testcase name="SimpleSapmaxPreAuthVoidAdmin" time="38.549" classname="critical.transaction.Voided"/>
  <testcase name="threeDSFullCompletedPreAuthVoid" time="29.611" classname="critical.transaction.Voided"/>
  <testcase name="threeDSFullCompletedPreAuthVoidAdmin" time="28.473" classname="critical.transaction.Voided"/>
  <testcase name="threeDSPartialCompletedPreAuthVoid" time="29.782" classname="critical.transaction.Voided"/>
  <testcase name="threeDSPartialCompletedPreAuthVoidAdmin" time="28.487" classname="critical.transaction.Voided"/>
  <testcase name="threeDSPendingVoid" time="23.35" classname="critical.transaction.Voided"/>
  <testcase name="threeDSPendingVoidAdmin" time="22.41" classname="critical.transaction.Voided"/>
  <testcase name="threeDSPreAuthVoid" time="22.813" classname="critical.transaction.Voided"/>
  <testcase name="threeDSPreAuthVoidAdmin" time="22.081" classname="critical.transaction.Voided"/>
  <testcase name="threeDSSapmaxFullCompletedPreAuthVoid" time="50.352" classname="critical.transaction.Voided"/>
  <testcase name="threeDSSapmaxFullCompletedPreAuthVoidAdmin" time="47.158" classname="critical.transaction.Voided"/>
  <testcase name="threeDSSapmaxPartialCompletedPreAuthVoid" time="47.719" classname="critical.transaction.Voided"/>
  <testcase name="threeDSSapmaxPartialCompletedPreAuthVoidAdmin" time="47.45" classname="critical.transaction.Voided"/>
  <testcase name="threeDSSapmaxPendingVoid" time="41.273" classname="critical.transaction.Voided"/>
  <testcase name="threeDSSapmaxPendingVoidAdmin" time="39.498" classname="critical.transaction.Voided"/>
  <testcase name="threeDSSapmaxPreAuthVoid" time="40.997" classname="critical.transaction.Voided"/>
  <testcase name="threeDSSapmaxPreAuthVoidAdmin" time="39.768" classname="critical.transaction.Voided"/>
  <testcase name="FullPreauthRefund3DSFullAdmin" time="29.284" classname="critical.transaction.Refund"/>
  <testcase name="FullPreauthRefund3DSFullMerchant" time="30.613" classname="critical.transaction.Refund"/>
  <testcase name="FullPreauthRefund3DSPartPartAdmin" time="42.978" classname="critical.transaction.Refund"/>
  <testcase name="FullPreauthRefund3DSPartPartMerchant" time="45.959" classname="critical.transaction.Refund"/>
  <testcase name="FullPreauthRefund3DSPartialAdmin" time="28.216" classname="critical.transaction.Refund"/>
  <testcase name="FullPreauthRefund3DSPartialMerchant" time="29.603" classname="critical.transaction.Refund"/>
  <testcase name="FullPreauthRefund3DSSapmaxFullAdmin" time="49.056" classname="critical.transaction.Refund"/>
  <testcase name="FullPreauthRefund3DSSapmaxFullMerchant" time="48.014" classname="critical.transaction.Refund"/>
  <testcase name="FullPreauthRefund3DSSapmaxPartPartAdmin" time="63.645" classname="critical.transaction.Refund"/>
  <testcase name="FullPreauthRefund3DSSapmaxPartPartMerchant" time="64.677" classname="critical.transaction.Refund"/>
  <testcase name="FullPreauthRefund3DSSapmaxPartialAdmin" time="47.35" classname="critical.transaction.Refund"/>
  <testcase name="FullPreauthRefund3DSSapmaxPartialMerchant" time="48.652" classname="critical.transaction.Refund"/>
  <testcase name="FullPreauthRefundSimpleFullAdmin" time="28.72" classname="critical.transaction.Refund"/>
  <testcase name="FullPreauthRefundSimpleFullMerchant" time="29.204" classname="critical.transaction.Refund"/>
  <testcase name="FullPreauthRefundSimplePartPartAdmin" time="41.445" classname="critical.transaction.Refund"/>
  <testcase name="FullPreauthRefundSimplePartPartMerchant" time="44.957" classname="critical.transaction.Refund"/>
  <testcase name="FullPreauthRefundSimplePartialMerchant" time="29.245" classname="critical.transaction.Refund"/>
  <testcase name="FullPreauthRefundSimpleSapmaxFullAdmin" time="46.232" classname="critical.transaction.Refund"/>
  <testcase name="FullPreauthRefundSimpleSapmaxFullMerchant" time="46.887" classname="critical.transaction.Refund"/>
  <testcase name="FullPreauthRefundSimpleSapmaxPartPartAdmin" time="63.901" classname="critical.transaction.Refund"/>
  <testcase name="FullPreauthRefundSimpleSapmaxPartPartMerchant" time="64.293" classname="critical.transaction.Refund"/>
  <testcase name="FullPreauthRefundSimpleSapmaxPartialAdmin" time="47.069" classname="critical.transaction.Refund"/>
  <testcase name="FullPreauthRefundSimpleSapmaxPartialMerchant" time="46.883" classname="critical.transaction.Refund"/>
  <testcase name="PartialPreauthRefund3DSFullAdmin" time="29.274" classname="critical.transaction.Refund"/>
  <testcase name="PartialPreauthRefund3DSFullMerchant" time="30.365" classname="critical.transaction.Refund"/>
  <testcase name="PartialPreauthRefund3DSPartPartAdmin" time="42.932" classname="critical.transaction.Refund"/>
  <testcase name="PartialPreauthRefund3DSPartPartMerchant" time="45.867" classname="critical.transaction.Refund"/>
  <testcase name="PartialPreauthRefund3DSPartialAdmin" time="29.121" classname="critical.transaction.Refund"/>
  <testcase name="PartialPreauthRefund3DSPartialMerchant" time="29.624" classname="critical.transaction.Refund"/>
  <testcase name="PartialPreauthRefund3DSSapmaxFullAdmin" time="48.063" classname="critical.transaction.Refund"/>
  <testcase name="PartialPreauthRefund3DSSapmaxFullMerchant" time="49.57" classname="critical.transaction.Refund"/>
  <testcase name="PartialPreauthRefund3DSSapmaxPartPartAdmin" time="65.73" classname="critical.transaction.Refund"/>
  <testcase name="PartialPreauthRefund3DSSapmaxPartPartMerchant" time="64.121" classname="critical.transaction.Refund"/>
  <testcase name="PartialPreauthRefund3DSSapmaxPartialAdmin" time="47.618" classname="critical.transaction.Refund"/>
  <testcase name="PartialPreauthRefund3DSSapmaxPartialMerchant" time="48.11" classname="critical.transaction.Refund"/>
  <testcase name="PartialPreauthRefundSimpleFullAdmin" time="28.756" classname="critical.transaction.Refund"/>
  <testcase name="PartialPreauthRefundSimpleFullMerchant" time="29.494" classname="critical.transaction.Refund"/>
  <testcase name="PartialPreauthRefundSimplePartPartAdmin" time="42.047" classname="critical.transaction.Refund"/>
  <testcase name="PartialPreauthRefundSimplePartPartMerchant" time="46.283" classname="critical.transaction.Refund"/>
  <testcase name="PartialPreauthRefundSimplePartialAdmin" time="29.199" classname="critical.transaction.Refund"/>
  <testcase name="PartialPreauthRefundSimplePartialMerchant" time="30.977" classname="critical.transaction.Refund"/>
  <testcase name="PartialPreauthRefundSimpleSapmaxFullAdmin" time="48.291" classname="critical.transaction.Refund"/>
  <testcase name="PartialPreauthRefundSimpleSapmaxFullMerchant" time="46.794" classname="critical.transaction.Refund"/>
  <testcase name="PartialPreauthRefundSimpleSapmaxPartPartAdmin" time="63.124" classname="critical.transaction.Refund"/>
  <testcase name="PartialPreauthRefundSimpleSapmaxPartPartMerchant" time="62.697" classname="critical.transaction.Refund"/>
  <testcase name="PartialPreauthRefundSimpleSapmaxPartialAdmin" time="46.781" classname="critical.transaction.Refund"/>
  <testcase name="PartialPreauthRefundSimpleSapmaxPartialMerchant" time="47.149" classname="critical.transaction.Refund"/>
  <testcase name="PendingRefund3DSFullAdmin" time="20.883" classname="critical.transaction.Refund"/>
  <testcase name="PendingRefund3DSFullMerchant" time="24.372" classname="critical.transaction.Refund"/>
  <testcase name="PendingRefund3DSPartPartAdmin" time="35.394" classname="critical.transaction.Refund"/>
  <testcase name="PendingRefund3DSPartPartMerchant" time="40.646" classname="critical.transaction.Refund"/>
  <testcase name="PendingRefund3DSPartialAdmin" time="21.588" classname="critical.transaction.Refund"/>
  <testcase name="PendingRefund3DSPartialMerchant" time="24.632" classname="critical.transaction.Refund"/>
  <testcase name="PendingRefund3DSSapmaxFullAdmin" time="42.203" classname="critical.transaction.Refund"/>
  <testcase name="PendingRefund3DSSapmaxFullMerchant" time="43.335" classname="critical.transaction.Refund"/>
  <testcase name="PendingRefund3DSSapmaxPartPartAdmin" time="57.802" classname="critical.transaction.Refund"/>
  <testcase name="PendingRefund3DSSapmaxPartPartMerchant" time="57.684" classname="critical.transaction.Refund"/>
  <testcase name="PendingRefund3DSSapmaxPartialAdmin" time="39.558" classname="critical.transaction.Refund"/>
  <testcase name="PendingRefund3DSSapmaxPartialMerchant" time="43.263" classname="critical.transaction.Refund"/>
  <testcase name="PendingRefundSimpleFullAdmin" time="42.149" classname="critical.transaction.Refund"/>
  <testcase name="PendingRefundSimpleFullMerchant" time="48.702" classname="critical.transaction.Refund"/>
  <testcase name="PendingRefundSimplePartPartAdmin" time="56.647" classname="critical.transaction.Refund"/>
  <testcase name="PendingRefundSimplePartPartMerchant" time="64.341" classname="critical.transaction.Refund"/>
  <testcase name="PendingRefundSimplePartialAdmin" time="42.478" classname="critical.transaction.Refund"/>
  <testcase name="PendingRefundSimplePartialMerchant" time="44.15" classname="critical.transaction.Refund"/>
  <testcase name="PendingRefundSimpleSapmaxFullAdmin" time="39.177" classname="critical.transaction.Refund"/>
  <testcase name="PendingRefundSimpleSapmaxFullMerchant" time="42.126" classname="critical.transaction.Refund"/>
  <testcase name="PendingRefundSimpleSapmaxPartPartAdmin" time="57.431" classname="critical.transaction.Refund"/>
  <testcase name="PendingRefundSimpleSapmaxPartPartMerchant" time="58.509" classname="critical.transaction.Refund"/>
  <testcase name="PendingRefundSimpleSapmaxPartialAdmin" time="38.976" classname="critical.transaction.Refund"/>
  <testcase name="PendingRefundSimpleSapmaxPartialMerchant" time="42.234" classname="critical.transaction.Refund"/>
  <testcase name="simpleFullCompletedPreAuthCBK" time="27.132" classname="critical.transaction.ChargeBack"/>
  <testcase name="simpleFullCompletedPreAuthCBKPartial" time="25.749" classname="critical.transaction.ChargeBack"/>
  <testcase name="simplePartialCompletedPreAuthCBK" time="25.975" classname="critical.transaction.ChargeBack"/>
  <testcase name="simplePartialCompletedPreAuthCBKPartial" time="26.118" classname="critical.transaction.ChargeBack"/>
  <testcase name="simplePendingCBK" time="40.228" classname="critical.transaction.ChargeBack"/>
  <testcase name="simplePendingCBKPartial" time="43.565" classname="critical.transaction.ChargeBack"/>
  <testcase name="simplePendingSettledCBK" time="44.076" classname="critical.transaction.ChargeBack"/>
  <testcase name="simplePendingSettledCBKPartial" time="43.82" classname="critical.transaction.ChargeBack"/>
  <testcase name="simplePreAuthCBK" time="19.002" classname="critical.transaction.ChargeBack"/>
  <testcase name="simplePreAuthCBKPartial" time="19.233" classname="critical.transaction.ChargeBack"/>
  <testcase name="simplePreauthFullCompleteCBK" time="25.033" classname="critical.transaction.ChargeBack"/>
  <testcase name="simplePreauthFullCompleteCBKPartial" time="25.171" classname="critical.transaction.ChargeBack"/>
  <testcase name="simplePreauthPartialCompleteCBK" time="25.283" classname="critical.transaction.ChargeBack"/>
  <testcase name="simplePreauthPartialCompleteCBKPartial" time="24.905" classname="critical.transaction.ChargeBack"/>
  <testcase name="simpleSapmaxFullCompletedPreAuthCBK" time="45.036" classname="critical.transaction.ChargeBack"/>
  <testcase name="simpleSapmaxFullCompletedPreAuthCBKPartial" time="44.264" classname="critical.transaction.ChargeBack"/>
  <testcase name="simpleSapmaxPartialCompletedPreAuthCBK" time="44.265" classname="critical.transaction.ChargeBack"/>
  <testcase name="simpleSapmaxPartialCompletedPreAuthCBKPartial" time="43.774" classname="critical.transaction.ChargeBack"/>
  <testcase name="simpleSapmaxPendingCBK" time="46.892" classname="critical.transaction.ChargeBack"/>
  <testcase name="simpleSapmaxPendingCBKPartial" time="37.785" classname="critical.transaction.ChargeBack"/>
  <testcase name="simpleSapmaxPendingSettledCBK" time="36.655" classname="critical.transaction.ChargeBack"/>
  <testcase name="simpleSapmaxPendingSettledCBKPartial" time="37.812" classname="critical.transaction.ChargeBack"/>
  <testcase name="simpleSapmaxPreAuthCBK" time="37.096" classname="critical.transaction.ChargeBack"/>
  <testcase name="simpleSapmaxPreAuthCBKPartial" time="36.901" classname="critical.transaction.ChargeBack"/>
  <testcase name="simpleSapmaxPreauthFullCompleteCBK" time="43.144" classname="critical.transaction.ChargeBack"/>
  <testcase name="simpleSapmaxPreauthFullCompleteCBKPartial" time="42.882" classname="critical.transaction.ChargeBack"/>
  <testcase name="simpleSapmaxPreauthPartialCompleteCBK" time="42.475" classname="critical.transaction.ChargeBack"/>
  <testcase name="simpleSapmaxPreauthPartialCompleteCBKPartial" time="42.486" classname="critical.transaction.ChargeBack"/>
  <testcase name="threeDSFullCompletedPreAuthCBK" time="28.984" classname="critical.transaction.ChargeBack"/>
  <testcase name="threeDSFullCompletedPreAuthCBKPartial" time="26.314" classname="critical.transaction.ChargeBack"/>
  <testcase name="threeDSPartialCompletedPreAuthCBK" time="26.717" classname="critical.transaction.ChargeBack"/>
  <testcase name="threeDSPartialCompletedPreAuthCBKPartial" time="26.446" classname="critical.transaction.ChargeBack"/>
  <testcase name="threeDSPendingCBK" time="19.284" classname="critical.transaction.ChargeBack"/>
  <testcase name="threeDSPendingCBKPartial" time="18.979" classname="critical.transaction.ChargeBack"/>
  <testcase name="threeDSPendingSettledCBK" time="19.579" classname="critical.transaction.ChargeBack"/>
  <testcase name="threeDSPendingSettledCBKPartial" time="19.686" classname="critical.transaction.ChargeBack"/>
  <testcase name="threeDSPreAuthCBK" time="19.511" classname="critical.transaction.ChargeBack"/>
  <testcase name="threeDSPreAuthCBKPartial" time="19.588" classname="critical.transaction.ChargeBack"/>
  <testcase name="threeDSPreauthFullCompleteCBK" time="26.047" classname="critical.transaction.ChargeBack"/>
  <testcase name="threeDSPreauthFullCompleteCBKPartial" time="25.751" classname="critical.transaction.ChargeBack"/>
  <testcase name="threeDSPreauthPartialCompleteCBK" time="25.946" classname="critical.transaction.ChargeBack"/>
  <testcase name="threeDSPreauthPartialCompleteCBKPartial" time="25.152" classname="critical.transaction.ChargeBack"/>
  <testcase name="threeDSSapmaxFullCompletedPreAuthCBK" time="46.646" classname="critical.transaction.ChargeBack"/>
  <testcase name="threeDSSapmaxFullCompletedPreAuthCBKPartial" time="45.086" classname="critical.transaction.ChargeBack"/>
  <testcase name="threeDSSapmaxPartialCompletedPreAuthCBK" time="45.53" classname="critical.transaction.ChargeBack"/>
  <testcase name="threeDSSapmaxPartialCompletedPreAuthCBKPartial" time="45.243" classname="critical.transaction.ChargeBack"/>
  <testcase name="threeDSSapmaxPendingCBK" time="38.001" classname="critical.transaction.ChargeBack"/>
  <testcase name="threeDSSapmaxPendingCBKPartial" time="37.318" classname="critical.transaction.ChargeBack"/>
  <testcase name="threeDSSapmaxPendingSettledCBK" time="37.431" classname="critical.transaction.ChargeBack"/>
  <testcase name="threeDSSapmaxPendingSettledCBKPartial" time="37.804" classname="critical.transaction.ChargeBack"/>
  <testcase name="threeDSSapmaxPreAuthCBK" time="37.725" classname="critical.transaction.ChargeBack"/>
  <testcase name="threeDSSapmaxPreAuthCBKPartial" time="38.038" classname="critical.transaction.ChargeBack"/>
  <testcase name="threeDSSapmaxPreauthFullCompleteCBK" time="43.271" classname="critical.transaction.ChargeBack"/>
  <testcase name="threeDSSapmaxPreauthFullCompleteCBKPartial" time="43.903" classname="critical.transaction.ChargeBack"/>
  <testcase name="threeDSSapmaxPreauthPartialCompleteCBK" time="43.235" classname="critical.transaction.ChargeBack"/>
  <testcase name="threeDSSapmaxPreauthPartialCompleteCBKPartial" time="43.327" classname="critical.transaction.ChargeBack"/>
</testsuite> <!-- Critical Test -->
