<?xml version="1.0" encoding="UTF-8"?>
<testng-results skipped="0" failed="0" total="171" passed="171">
  <reporter-output>
  </reporter-output>
  <suite name="Regression" duration-ms="6576282" started-at="2014-04-15T15:01:36Z" finished-at="2014-04-15T16:51:12Z">
    <groups>
    </groups>
    <test name="Critical Test" duration-ms="6576282" started-at="2014-04-15T15:01:36Z" finished-at="2014-04-15T16:51:12Z">
      <class name="critical.transaction.ThreeDSTransaction">
        <test-method status="PASS" signature="threeDSTransactionPending()[pri:0, instance:critical.transaction.ThreeDSTransaction@3d3e58d4]" name="threeDSTransactionPending" duration-ms="20427" started-at="2014-04-15T19:05:24Z" finished-at="2014-04-15T19:05:45Z">
          <reporter-output>
          </reporter-output>
        </test-method> <!-- threeDSTransactionPending -->
        <test-method status="PASS" signature="threeDSTransactionPreAuthFull()[pri:0, instance:critical.transaction.ThreeDSTransaction@3d3e58d4]" name="threeDSTransactionPreAuthFull" duration-ms="20128" started-at="2014-04-15T19:05:45Z" finished-at="2014-04-15T19:06:05Z">
          <reporter-output>
          </reporter-output>
        </test-method> <!-- threeDSTransactionPreAuthFull -->
        <test-method status="PASS" signature="threeDSTransactionPreAuthPartial()[pri:0, instance:critical.transaction.ThreeDSTransaction@3d3e58d4]" name="threeDSTransactionPreAuthPartial" duration-ms="20049" started-at="2014-04-15T19:06:05Z" finished-at="2014-04-15T19:06:25Z">
          <reporter-output>
          </reporter-output>
        </test-method> <!-- threeDSTransactionPreAuthPartial -->
      </class> <!-- critical.transaction.ThreeDSTransaction -->
      <class name="critical.transaction.ThreeDSTransaction_Sapmax">
        <test-method status="PASS" signature="preAuthTransactionFull()[pri:0, instance:critical.transaction.ThreeDSTransaction_Sapmax@61a116c9]" name="preAuthTransactionFull" duration-ms="40142" started-at="2014-04-15T19:06:25Z" finished-at="2014-04-15T19:07:05Z">
          <reporter-output>
          </reporter-output>
        </test-method> <!-- preAuthTransactionFull -->
        <test-method status="PASS" signature="preAuthTransactionPartial()[pri:0, instance:critical.transaction.ThreeDSTransaction_Sapmax@61a116c9]" name="preAuthTransactionPartial" duration-ms="39467" started-at="2014-04-15T19:07:05Z" finished-at="2014-04-15T19:07:44Z">
          <reporter-output>
          </reporter-output>
        </test-method> <!-- preAuthTransactionPartial -->
        <test-method status="PASS" signature="threeDSTransactionPending()[pri:0, instance:critical.transaction.ThreeDSTransaction_Sapmax@61a116c9]" name="threeDSTransactionPending" duration-ms="38097" started-at="2014-04-15T19:07:44Z" finished-at="2014-04-15T19:08:22Z">
          <reporter-output>
          </reporter-output>
        </test-method> <!-- threeDSTransactionPending -->
      </class> <!-- critical.transaction.ThreeDSTransaction_Sapmax -->
      <class name="critical.transaction.Refund">
        <test-method status="PASS" signature="FullPreauthRefund3DSFullAdmin()[pri:0, instance:critical.transaction.Refund@2c766a24]" name="FullPreauthRefund3DSFullAdmin" duration-ms="29284" started-at="2014-04-15T19:27:48Z" finished-at="2014-04-15T19:28:17Z">
          <reporter-output>
          </reporter-output>
        </test-method> <!-- FullPreauthRefund3DSFullAdmin -->
        <test-method status="PASS" signature="FullPreauthRefund3DSFullMerchant()[pri:0, instance:critical.transaction.Refund@2c766a24]" name="FullPreauthRefund3DSFullMerchant" duration-ms="30613" started-at="2014-04-15T19:28:17Z" finished-at="2014-04-15T19:28:48Z">
          <reporter-output>
          </reporter-output>
        </test-method> <!-- FullPreauthRefund3DSFullMerchant -->
        <test-method status="PASS" signature="FullPreauthRefund3DSPartPartAdmin()[pri:0, instance:critical.transaction.Refund@2c766a24]" name="FullPreauthRefund3DSPartPartAdmin" duration-ms="42978" started-at="2014-04-15T19:28:48Z" finished-at="2014-04-15T19:29:31Z">
          <reporter-output>
          </reporter-output>
        </test-method> <!-- FullPreauthRefund3DSPartPartAdmin -->
        <test-method status="PASS" signature="FullPreauthRefund3DSPartPartMerchant()[pri:0, instance:critical.transaction.Refund@2c766a24]" name="FullPreauthRefund3DSPartPartMerchant" duration-ms="45959" started-at="2014-04-15T19:29:31Z" finished-at="2014-04-15T19:30:17Z">
          <reporter-output>
          </reporter-output>
        </test-method> <!-- FullPreauthRefund3DSPartPartMerchant -->
        <test-method status="PASS" signature="FullPreauthRefund3DSPartialAdmin()[pri:0, instance:critical.transaction.Refund@2c766a24]" name="FullPreauthRefund3DSPartialAdmin" duration-ms="28216" started-at="2014-04-15T19:30:17Z" finished-at="2014-04-15T19:30:45Z">
          <reporter-output>
          </reporter-output>
        </test-method> <!-- FullPreauthRefund3DSPartialAdmin -->
        <test-method status="PASS" signature="FullPreauthRefund3DSPartialMerchant()[pri:0, instance:critical.transaction.Refund@2c766a24]" name="FullPreauthRefund3DSPartialMerchant" duration-ms="29603" started-at="2014-04-15T19:30:45Z" finished-at="2014-04-15T19:31:14Z">
          <reporter-output>
          </reporter-output>
        </test-method> <!-- FullPreauthRefund3DSPartialMerchant -->
        <test-method status="PASS" signature="FullPreauthRefund3DSSapmaxFullAdmin()[pri:0, instance:critical.transaction.Refund@2c766a24]" name="FullPreauthRefund3DSSapmaxFullAdmin" duration-ms="49056" started-at="2014-04-15T19:31:14Z" finished-at="2014-04-15T19:32:03Z">
          <reporter-output>
          </reporter-output>
        </test-method> <!-- FullPreauthRefund3DSSapmaxFullAdmin -->
        <test-method status="PASS" signature="FullPreauthRefund3DSSapmaxFullMerchant()[pri:0, instance:critical.transaction.Refund@2c766a24]" name="FullPreauthRefund3DSSapmaxFullMerchant" duration-ms="48014" started-at="2014-04-15T19:32:03Z" finished-at="2014-04-15T19:32:51Z">
          <reporter-output>
          </reporter-output>
        </test-method> <!-- FullPreauthRefund3DSSapmaxFullMerchant -->
        <test-method status="PASS" signature="FullPreauthRefund3DSSapmaxPartPartAdmin()[pri:0, instance:critical.transaction.Refund@2c766a24]" name="FullPreauthRefund3DSSapmaxPartPartAdmin" duration-ms="63645" started-at="2014-04-15T19:32:51Z" finished-at="2014-04-15T19:33:55Z">
          <reporter-output>
          </reporter-output>
        </test-method> <!-- FullPreauthRefund3DSSapmaxPartPartAdmin -->
        <test-method status="PASS" signature="FullPreauthRefund3DSSapmaxPartPartMerchant()[pri:0, instance:critical.transaction.Refund@2c766a24]" name="FullPreauthRefund3DSSapmaxPartPartMerchant" duration-ms="64677" started-at="2014-04-15T19:33:55Z" finished-at="2014-04-15T19:35:00Z">
          <reporter-output>
          </reporter-output>
        </test-method> <!-- FullPreauthRefund3DSSapmaxPartPartMerchant -->
        <test-method status="PASS" signature="FullPreauthRefund3DSSapmaxPartialAdmin()[pri:0, instance:critical.transaction.Refund@2c766a24]" name="FullPreauthRefund3DSSapmaxPartialAdmin" duration-ms="47350" started-at="2014-04-15T19:35:00Z" finished-at="2014-04-15T19:35:47Z">
          <reporter-output>
          </reporter-output>
        </test-method> <!-- FullPreauthRefund3DSSapmaxPartialAdmin -->
        <test-method status="PASS" signature="FullPreauthRefund3DSSapmaxPartialMerchant()[pri:0, instance:critical.transaction.Refund@2c766a24]" name="FullPreauthRefund3DSSapmaxPartialMerchant" duration-ms="48652" started-at="2014-04-15T19:35:47Z" finished-at="2014-04-15T19:36:36Z">
          <reporter-output>
          </reporter-output>
        </test-method> <!-- FullPreauthRefund3DSSapmaxPartialMerchant -->
        <test-method status="PASS" signature="FullPreauthRefundSimpleFullAdmin()[pri:0, instance:critical.transaction.Refund@2c766a24]" name="FullPreauthRefundSimpleFullAdmin" duration-ms="28720" started-at="2014-04-15T19:36:36Z" finished-at="2014-04-15T19:37:04Z">
          <reporter-output>
          </reporter-output>
        </test-method> <!-- FullPreauthRefundSimpleFullAdmin -->
        <test-method status="PASS" signature="FullPreauthRefundSimpleFullMerchant()[pri:0, instance:critical.transaction.Refund@2c766a24]" name="FullPreauthRefundSimpleFullMerchant" duration-ms="29204" started-at="2014-04-15T19:37:04Z" finished-at="2014-04-15T19:37:34Z">
          <reporter-output>
          </reporter-output>
        </test-method> <!-- FullPreauthRefundSimpleFullMerchant -->
        <test-method status="PASS" signature="FullPreauthRefundSimplePartPartAdmin()[pri:0, instance:critical.transaction.Refund@2c766a24]" name="FullPreauthRefundSimplePartPartAdmin" duration-ms="41445" started-at="2014-04-15T19:37:34Z" finished-at="2014-04-15T19:38:15Z">
          <reporter-output>
          </reporter-output>
        </test-method> <!-- FullPreauthRefundSimplePartPartAdmin -->
        <test-method status="PASS" signature="FullPreauthRefundSimplePartPartMerchant()[pri:0, instance:critical.transaction.Refund@2c766a24]" name="FullPreauthRefundSimplePartPartMerchant" duration-ms="44957" started-at="2014-04-15T19:38:15Z" finished-at="2014-04-15T19:39:00Z">
          <reporter-output>
          </reporter-output>
        </test-method> <!-- FullPreauthRefundSimplePartPartMerchant -->
        <test-method status="PASS" signature="FullPreauthRefundSimplePartialMerchant()[pri:0, instance:critical.transaction.Refund@2c766a24]" name="FullPreauthRefundSimplePartialMerchant" duration-ms="29245" started-at="2014-04-15T19:39:00Z" finished-at="2014-04-15T19:39:29Z">
          <reporter-output>
          </reporter-output>
        </test-method> <!-- FullPreauthRefundSimplePartialMerchant -->
        <test-method status="PASS" signature="FullPreauthRefundSimpleSapmaxFullAdmin()[pri:0, instance:critical.transaction.Refund@2c766a24]" name="FullPreauthRefundSimpleSapmaxFullAdmin" duration-ms="46232" started-at="2014-04-15T19:39:29Z" finished-at="2014-04-15T19:40:16Z">
          <reporter-output>
          </reporter-output>
        </test-method> <!-- FullPreauthRefundSimpleSapmaxFullAdmin -->
        <test-method status="PASS" signature="FullPreauthRefundSimpleSapmaxFullMerchant()[pri:0, instance:critical.transaction.Refund@2c766a24]" name="FullPreauthRefundSimpleSapmaxFullMerchant" duration-ms="46887" started-at="2014-04-15T19:40:16Z" finished-at="2014-04-15T19:41:02Z">
          <reporter-output>
          </reporter-output>
        </test-method> <!-- FullPreauthRefundSimpleSapmaxFullMerchant -->
        <test-method status="PASS" signature="FullPreauthRefundSimpleSapmaxPartPartAdmin()[pri:0, instance:critical.transaction.Refund@2c766a24]" name="FullPreauthRefundSimpleSapmaxPartPartAdmin" duration-ms="63901" started-at="2014-04-15T19:41:02Z" finished-at="2014-04-15T19:42:06Z">
          <reporter-output>
          </reporter-output>
        </test-method> <!-- FullPreauthRefundSimpleSapmaxPartPartAdmin -->
        <test-method status="PASS" signature="FullPreauthRefundSimpleSapmaxPartPartMerchant()[pri:0, instance:critical.transaction.Refund@2c766a24]" name="FullPreauthRefundSimpleSapmaxPartPartMerchant" duration-ms="64293" started-at="2014-04-15T19:42:06Z" finished-at="2014-04-15T19:43:11Z">
          <reporter-output>
          </reporter-output>
        </test-method> <!-- FullPreauthRefundSimpleSapmaxPartPartMerchant -->
        <test-method status="PASS" signature="FullPreauthRefundSimpleSapmaxPartialAdmin()[pri:0, instance:critical.transaction.Refund@2c766a24]" name="FullPreauthRefundSimpleSapmaxPartialAdmin" duration-ms="47069" started-at="2014-04-15T19:43:11Z" finished-at="2014-04-15T19:43:58Z">
          <reporter-output>
          </reporter-output>
        </test-method> <!-- FullPreauthRefundSimpleSapmaxPartialAdmin -->
        <test-method status="PASS" signature="FullPreauthRefundSimpleSapmaxPartialMerchant()[pri:0, instance:critical.transaction.Refund@2c766a24]" name="FullPreauthRefundSimpleSapmaxPartialMerchant" duration-ms="46883" started-at="2014-04-15T19:43:58Z" finished-at="2014-04-15T19:44:45Z">
          <reporter-output>
          </reporter-output>
        </test-method> <!-- FullPreauthRefundSimpleSapmaxPartialMerchant -->
        <test-method status="PASS" signature="PartialPreauthRefund3DSFullAdmin()[pri:0, instance:critical.transaction.Refund@2c766a24]" name="PartialPreauthRefund3DSFullAdmin" duration-ms="29274" started-at="2014-04-15T19:44:45Z" finished-at="2014-04-15T19:45:14Z">
          <reporter-output>
          </reporter-output>
        </test-method> <!-- PartialPreauthRefund3DSFullAdmin -->
        <test-method status="PASS" signature="PartialPreauthRefund3DSFullMerchant()[pri:0, instance:critical.transaction.Refund@2c766a24]" name="PartialPreauthRefund3DSFullMerchant" duration-ms="30365" started-at="2014-04-15T19:45:14Z" finished-at="2014-04-15T19:45:44Z">
          <reporter-output>
          </reporter-output>
        </test-method> <!-- PartialPreauthRefund3DSFullMerchant -->
        <test-method status="PASS" signature="PartialPreauthRefund3DSPartPartAdmin()[pri:0, instance:critical.transaction.Refund@2c766a24]" name="PartialPreauthRefund3DSPartPartAdmin" duration-ms="42932" started-at="2014-04-15T19:45:44Z" finished-at="2014-04-15T19:46:27Z">
          <reporter-output>
          </reporter-output>
        </test-method> <!-- PartialPreauthRefund3DSPartPartAdmin -->
        <test-method status="PASS" signature="PartialPreauthRefund3DSPartPartMerchant()[pri:0, instance:critical.transaction.Refund@2c766a24]" name="PartialPreauthRefund3DSPartPartMerchant" duration-ms="45867" started-at="2014-04-15T19:46:27Z" finished-at="2014-04-15T19:47:13Z">
          <reporter-output>
          </reporter-output>
        </test-method> <!-- PartialPreauthRefund3DSPartPartMerchant -->
        <test-method status="PASS" signature="PartialPreauthRefund3DSPartialAdmin()[pri:0, instance:critical.transaction.Refund@2c766a24]" name="PartialPreauthRefund3DSPartialAdmin" duration-ms="29121" started-at="2014-04-15T19:47:13Z" finished-at="2014-04-15T19:47:42Z">
          <reporter-output>
          </reporter-output>
        </test-method> <!-- PartialPreauthRefund3DSPartialAdmin -->
        <test-method status="PASS" signature="PartialPreauthRefund3DSPartialMerchant()[pri:0, instance:critical.transaction.Refund@2c766a24]" name="PartialPreauthRefund3DSPartialMerchant" duration-ms="29624" started-at="2014-04-15T19:47:42Z" finished-at="2014-04-15T19:48:12Z">
          <reporter-output>
          </reporter-output>
        </test-method> <!-- PartialPreauthRefund3DSPartialMerchant -->
        <test-method status="PASS" signature="PartialPreauthRefund3DSSapmaxFullAdmin()[pri:0, instance:critical.transaction.Refund@2c766a24]" name="PartialPreauthRefund3DSSapmaxFullAdmin" duration-ms="48063" started-at="2014-04-15T19:48:12Z" finished-at="2014-04-15T19:49:00Z">
          <reporter-output>
          </reporter-output>
        </test-method> <!-- PartialPreauthRefund3DSSapmaxFullAdmin -->
        <test-method status="PASS" signature="PartialPreauthRefund3DSSapmaxFullMerchant()[pri:0, instance:critical.transaction.Refund@2c766a24]" name="PartialPreauthRefund3DSSapmaxFullMerchant" duration-ms="49570" started-at="2014-04-15T19:49:00Z" finished-at="2014-04-15T19:49:49Z">
          <reporter-output>
          </reporter-output>
        </test-method> <!-- PartialPreauthRefund3DSSapmaxFullMerchant -->
        <test-method status="PASS" signature="PartialPreauthRefund3DSSapmaxPartPartAdmin()[pri:0, instance:critical.transaction.Refund@2c766a24]" name="PartialPreauthRefund3DSSapmaxPartPartAdmin" duration-ms="65730" started-at="2014-04-15T19:49:49Z" finished-at="2014-04-15T19:50:55Z">
          <reporter-output>
          </reporter-output>
        </test-method> <!-- PartialPreauthRefund3DSSapmaxPartPartAdmin -->
        <test-method status="PASS" signature="PartialPreauthRefund3DSSapmaxPartPartMerchant()[pri:0, instance:critical.transaction.Refund@2c766a24]" name="PartialPreauthRefund3DSSapmaxPartPartMerchant" duration-ms="64121" started-at="2014-04-15T19:50:55Z" finished-at="2014-04-15T19:51:59Z">
          <reporter-output>
          </reporter-output>
        </test-method> <!-- PartialPreauthRefund3DSSapmaxPartPartMerchant -->
        <test-method status="PASS" signature="PartialPreauthRefund3DSSapmaxPartialAdmin()[pri:0, instance:critical.transaction.Refund@2c766a24]" name="PartialPreauthRefund3DSSapmaxPartialAdmin" duration-ms="47618" started-at="2014-04-15T19:51:59Z" finished-at="2014-04-15T19:52:47Z">
          <reporter-output>
          </reporter-output>
        </test-method> <!-- PartialPreauthRefund3DSSapmaxPartialAdmin -->
        <test-method status="PASS" signature="PartialPreauthRefund3DSSapmaxPartialMerchant()[pri:0, instance:critical.transaction.Refund@2c766a24]" name="PartialPreauthRefund3DSSapmaxPartialMerchant" duration-ms="48110" started-at="2014-04-15T19:52:47Z" finished-at="2014-04-15T19:53:35Z">
          <reporter-output>
          </reporter-output>
        </test-method> <!-- PartialPreauthRefund3DSSapmaxPartialMerchant -->
        <test-method status="PASS" signature="PartialPreauthRefundSimpleFullAdmin()[pri:0, instance:critical.transaction.Refund@2c766a24]" name="PartialPreauthRefundSimpleFullAdmin" duration-ms="28756" started-at="2014-04-15T19:53:35Z" finished-at="2014-04-15T19:54:04Z">
          <reporter-output>
          </reporter-output>
        </test-method> <!-- PartialPreauthRefundSimpleFullAdmin -->
        <test-method status="PASS" signature="PartialPreauthRefundSimpleFullMerchant()[pri:0, instance:critical.transaction.Refund@2c766a24]" name="PartialPreauthRefundSimpleFullMerchant" duration-ms="29494" started-at="2014-04-15T19:54:04Z" finished-at="2014-04-15T19:54:33Z">
          <reporter-output>
          </reporter-output>
        </test-method> <!-- PartialPreauthRefundSimpleFullMerchant -->
        <test-method status="PASS" signature="PartialPreauthRefundSimplePartPartAdmin()[pri:0, instance:critical.transaction.Refund@2c766a24]" name="PartialPreauthRefundSimplePartPartAdmin" duration-ms="42047" started-at="2014-04-15T19:54:33Z" finished-at="2014-04-15T19:55:15Z">
          <reporter-output>
          </reporter-output>
        </test-method> <!-- PartialPreauthRefundSimplePartPartAdmin -->
        <test-method status="PASS" signature="PartialPreauthRefundSimplePartPartMerchant()[pri:0, instance:critical.transaction.Refund@2c766a24]" name="PartialPreauthRefundSimplePartPartMerchant" duration-ms="46283" started-at="2014-04-15T19:55:15Z" finished-at="2014-04-15T19:56:02Z">
          <reporter-output>
          </reporter-output>
        </test-method> <!-- PartialPreauthRefundSimplePartPartMerchant -->
        <test-method status="PASS" signature="PartialPreauthRefundSimplePartialAdmin()[pri:0, instance:critical.transaction.Refund@2c766a24]" name="PartialPreauthRefundSimplePartialAdmin" duration-ms="29199" started-at="2014-04-15T19:56:02Z" finished-at="2014-04-15T19:56:31Z">
          <reporter-output>
          </reporter-output>
        </test-method> <!-- PartialPreauthRefundSimplePartialAdmin -->
        <test-method status="PASS" signature="PartialPreauthRefundSimplePartialMerchant()[pri:0, instance:critical.transaction.Refund@2c766a24]" name="PartialPreauthRefundSimplePartialMerchant" duration-ms="30977" started-at="2014-04-15T19:56:31Z" finished-at="2014-04-15T19:57:02Z">
          <reporter-output>
          </reporter-output>
        </test-method> <!-- PartialPreauthRefundSimplePartialMerchant -->
        <test-method status="PASS" signature="PartialPreauthRefundSimpleSapmaxFullAdmin()[pri:0, instance:critical.transaction.Refund@2c766a24]" name="PartialPreauthRefundSimpleSapmaxFullAdmin" duration-ms="48291" started-at="2014-04-15T19:57:02Z" finished-at="2014-04-15T19:57:50Z">
          <reporter-output>
          </reporter-output>
        </test-method> <!-- PartialPreauthRefundSimpleSapmaxFullAdmin -->
        <test-method status="PASS" signature="PartialPreauthRefundSimpleSapmaxFullMerchant()[pri:0, instance:critical.transaction.Refund@2c766a24]" name="PartialPreauthRefundSimpleSapmaxFullMerchant" duration-ms="46794" started-at="2014-04-15T19:57:50Z" finished-at="2014-04-15T19:58:37Z">
          <reporter-output>
          </reporter-output>
        </test-method> <!-- PartialPreauthRefundSimpleSapmaxFullMerchant -->
        <test-method status="PASS" signature="PartialPreauthRefundSimpleSapmaxPartPartAdmin()[pri:0, instance:critical.transaction.Refund@2c766a24]" name="PartialPreauthRefundSimpleSapmaxPartPartAdmin" duration-ms="63124" started-at="2014-04-15T19:58:37Z" finished-at="2014-04-15T19:59:40Z">
          <reporter-output>
          </reporter-output>
        </test-method> <!-- PartialPreauthRefundSimpleSapmaxPartPartAdmin -->
        <test-method status="PASS" signature="PartialPreauthRefundSimpleSapmaxPartPartMerchant()[pri:0, instance:critical.transaction.Refund@2c766a24]" name="PartialPreauthRefundSimpleSapmaxPartPartMerchant" duration-ms="62697" started-at="2014-04-15T19:59:40Z" finished-at="2014-04-15T20:00:43Z">
          <reporter-output>
          </reporter-output>
        </test-method> <!-- PartialPreauthRefundSimpleSapmaxPartPartMerchant -->
        <test-method status="PASS" signature="PartialPreauthRefundSimpleSapmaxPartialAdmin()[pri:0, instance:critical.transaction.Refund@2c766a24]" name="PartialPreauthRefundSimpleSapmaxPartialAdmin" duration-ms="46781" started-at="2014-04-15T20:00:43Z" finished-at="2014-04-15T20:01:29Z">
          <reporter-output>
          </reporter-output>
        </test-method> <!-- PartialPreauthRefundSimpleSapmaxPartialAdmin -->
        <test-method status="PASS" signature="PartialPreauthRefundSimpleSapmaxPartialMerchant()[pri:0, instance:critical.transaction.Refund@2c766a24]" name="PartialPreauthRefundSimpleSapmaxPartialMerchant" duration-ms="47149" started-at="2014-04-15T20:01:29Z" finished-at="2014-04-15T20:02:17Z">
          <reporter-output>
          </reporter-output>
        </test-method> <!-- PartialPreauthRefundSimpleSapmaxPartialMerchant -->
        <test-method status="PASS" signature="PendingRefund3DSFullAdmin()[pri:0, instance:critical.transaction.Refund@2c766a24]" name="PendingRefund3DSFullAdmin" duration-ms="20883" started-at="2014-04-15T20:02:17Z" finished-at="2014-04-15T20:02:37Z">
          <reporter-output>
          </reporter-output>
        </test-method> <!-- PendingRefund3DSFullAdmin -->
        <test-method status="PASS" signature="PendingRefund3DSFullMerchant()[pri:0, instance:critical.transaction.Refund@2c766a24]" name="PendingRefund3DSFullMerchant" duration-ms="24372" started-at="2014-04-15T20:02:37Z" finished-at="2014-04-15T20:03:02Z">
          <reporter-output>
          </reporter-output>
        </test-method> <!-- PendingRefund3DSFullMerchant -->
        <test-method status="PASS" signature="PendingRefund3DSPartPartAdmin()[pri:0, instance:critical.transaction.Refund@2c766a24]" name="PendingRefund3DSPartPartAdmin" duration-ms="35394" started-at="2014-04-15T20:03:02Z" finished-at="2014-04-15T20:03:37Z">
          <reporter-output>
          </reporter-output>
        </test-method> <!-- PendingRefund3DSPartPartAdmin -->
        <test-method status="PASS" signature="PendingRefund3DSPartPartMerchant()[pri:0, instance:critical.transaction.Refund@2c766a24]" name="PendingRefund3DSPartPartMerchant" duration-ms="40646" started-at="2014-04-15T20:03:37Z" finished-at="2014-04-15T20:04:18Z">
          <reporter-output>
          </reporter-output>
        </test-method> <!-- PendingRefund3DSPartPartMerchant -->
        <test-method status="PASS" signature="PendingRefund3DSPartialAdmin()[pri:0, instance:critical.transaction.Refund@2c766a24]" name="PendingRefund3DSPartialAdmin" duration-ms="21588" started-at="2014-04-15T20:04:18Z" finished-at="2014-04-15T20:04:39Z">
          <reporter-output>
          </reporter-output>
        </test-method> <!-- PendingRefund3DSPartialAdmin -->
        <test-method status="PASS" signature="PendingRefund3DSPartialMerchant()[pri:0, instance:critical.transaction.Refund@2c766a24]" name="PendingRefund3DSPartialMerchant" duration-ms="24632" started-at="2014-04-15T20:04:39Z" finished-at="2014-04-15T20:05:04Z">
          <reporter-output>
          </reporter-output>
        </test-method> <!-- PendingRefund3DSPartialMerchant -->
        <test-method status="PASS" signature="PendingRefund3DSSapmaxFullAdmin()[pri:0, instance:critical.transaction.Refund@2c766a24]" name="PendingRefund3DSSapmaxFullAdmin" duration-ms="42203" started-at="2014-04-15T20:05:04Z" finished-at="2014-04-15T20:05:46Z">
          <reporter-output>
          </reporter-output>
        </test-method> <!-- PendingRefund3DSSapmaxFullAdmin -->
        <test-method status="PASS" signature="PendingRefund3DSSapmaxFullMerchant()[pri:0, instance:critical.transaction.Refund@2c766a24]" name="PendingRefund3DSSapmaxFullMerchant" duration-ms="43335" started-at="2014-04-15T20:05:46Z" finished-at="2014-04-15T20:06:30Z">
          <reporter-output>
          </reporter-output>
        </test-method> <!-- PendingRefund3DSSapmaxFullMerchant -->
        <test-method status="PASS" signature="PendingRefund3DSSapmaxPartPartAdmin()[pri:0, instance:critical.transaction.Refund@2c766a24]" name="PendingRefund3DSSapmaxPartPartAdmin" duration-ms="57802" started-at="2014-04-15T20:06:30Z" finished-at="2014-04-15T20:07:27Z">
          <reporter-output>
          </reporter-output>
        </test-method> <!-- PendingRefund3DSSapmaxPartPartAdmin -->
        <test-method status="PASS" signature="PendingRefund3DSSapmaxPartPartMerchant()[pri:0, instance:critical.transaction.Refund@2c766a24]" name="PendingRefund3DSSapmaxPartPartMerchant" duration-ms="57684" started-at="2014-04-15T20:07:27Z" finished-at="2014-04-15T20:08:25Z">
          <reporter-output>
          </reporter-output>
        </test-method> <!-- PendingRefund3DSSapmaxPartPartMerchant -->
        <test-method status="PASS" signature="PendingRefund3DSSapmaxPartialAdmin()[pri:0, instance:critical.transaction.Refund@2c766a24]" name="PendingRefund3DSSapmaxPartialAdmin" duration-ms="39558" started-at="2014-04-15T20:08:25Z" finished-at="2014-04-15T20:09:05Z">
          <reporter-output>
          </reporter-output>
        </test-method> <!-- PendingRefund3DSSapmaxPartialAdmin -->
        <test-method status="PASS" signature="PendingRefund3DSSapmaxPartialMerchant()[pri:0, instance:critical.transaction.Refund@2c766a24]" name="PendingRefund3DSSapmaxPartialMerchant" duration-ms="43263" started-at="2014-04-15T20:09:05Z" finished-at="2014-04-15T20:09:48Z">
          <reporter-output>
          </reporter-output>
        </test-method> <!-- PendingRefund3DSSapmaxPartialMerchant -->
        <test-method status="PASS" signature="PendingRefundSimpleFullAdmin()[pri:0, instance:critical.transaction.Refund@2c766a24]" name="PendingRefundSimpleFullAdmin" duration-ms="42149" started-at="2014-04-15T20:09:48Z" finished-at="2014-04-15T20:10:30Z">
          <reporter-output>
          </reporter-output>
        </test-method> <!-- PendingRefundSimpleFullAdmin -->
        <test-method status="PASS" signature="PendingRefundSimpleFullMerchant()[pri:0, instance:critical.transaction.Refund@2c766a24]" name="PendingRefundSimpleFullMerchant" duration-ms="48702" started-at="2014-04-15T20:10:30Z" finished-at="2014-04-15T20:11:19Z">
          <reporter-output>
          </reporter-output>
        </test-method> <!-- PendingRefundSimpleFullMerchant -->
        <test-method status="PASS" signature="PendingRefundSimplePartPartAdmin()[pri:0, instance:critical.transaction.Refund@2c766a24]" name="PendingRefundSimplePartPartAdmin" duration-ms="56647" started-at="2014-04-15T20:11:19Z" finished-at="2014-04-15T20:12:15Z">
          <reporter-output>
          </reporter-output>
        </test-method> <!-- PendingRefundSimplePartPartAdmin -->
        <test-method status="PASS" signature="PendingRefundSimplePartPartMerchant()[pri:0, instance:critical.transaction.Refund@2c766a24]" name="PendingRefundSimplePartPartMerchant" duration-ms="64341" started-at="2014-04-15T20:12:15Z" finished-at="2014-04-15T20:13:20Z">
          <reporter-output>
          </reporter-output>
        </test-method> <!-- PendingRefundSimplePartPartMerchant -->
        <test-method status="PASS" signature="PendingRefundSimplePartialAdmin()[pri:0, instance:critical.transaction.Refund@2c766a24]" name="PendingRefundSimplePartialAdmin" duration-ms="42478" started-at="2014-04-15T20:13:20Z" finished-at="2014-04-15T20:14:02Z">
          <reporter-output>
          </reporter-output>
        </test-method> <!-- PendingRefundSimplePartialAdmin -->
        <test-method status="PASS" signature="PendingRefundSimplePartialMerchant()[pri:0, instance:critical.transaction.Refund@2c766a24]" name="PendingRefundSimplePartialMerchant" duration-ms="44150" started-at="2014-04-15T20:14:02Z" finished-at="2014-04-15T20:14:46Z">
          <reporter-output>
          </reporter-output>
        </test-method> <!-- PendingRefundSimplePartialMerchant -->
        <test-method status="PASS" signature="PendingRefundSimpleSapmaxFullAdmin()[pri:0, instance:critical.transaction.Refund@2c766a24]" name="PendingRefundSimpleSapmaxFullAdmin" duration-ms="39177" started-at="2014-04-15T20:14:46Z" finished-at="2014-04-15T20:15:26Z">
          <reporter-output>
          </reporter-output>
        </test-method> <!-- PendingRefundSimpleSapmaxFullAdmin -->
        <test-method status="PASS" signature="PendingRefundSimpleSapmaxFullMerchant()[pri:0, instance:critical.transaction.Refund@2c766a24]" name="PendingRefundSimpleSapmaxFullMerchant" duration-ms="42126" started-at="2014-04-15T20:15:26Z" finished-at="2014-04-15T20:16:08Z">
          <reporter-output>
          </reporter-output>
        </test-method> <!-- PendingRefundSimpleSapmaxFullMerchant -->
        <test-method status="PASS" signature="PendingRefundSimpleSapmaxPartPartAdmin()[pri:0, instance:critical.transaction.Refund@2c766a24]" name="PendingRefundSimpleSapmaxPartPartAdmin" duration-ms="57431" started-at="2014-04-15T20:16:08Z" finished-at="2014-04-15T20:17:05Z">
          <reporter-output>
          </reporter-output>
        </test-method> <!-- PendingRefundSimpleSapmaxPartPartAdmin -->
        <test-method status="PASS" signature="PendingRefundSimpleSapmaxPartPartMerchant()[pri:0, instance:critical.transaction.Refund@2c766a24]" name="PendingRefundSimpleSapmaxPartPartMerchant" duration-ms="58509" started-at="2014-04-15T20:17:05Z" finished-at="2014-04-15T20:18:04Z">
          <reporter-output>
          </reporter-output>
        </test-method> <!-- PendingRefundSimpleSapmaxPartPartMerchant -->
        <test-method status="PASS" signature="PendingRefundSimpleSapmaxPartialAdmin()[pri:0, instance:critical.transaction.Refund@2c766a24]" name="PendingRefundSimpleSapmaxPartialAdmin" duration-ms="38976" started-at="2014-04-15T20:18:04Z" finished-at="2014-04-15T20:18:43Z">
          <reporter-output>
          </reporter-output>
        </test-method> <!-- PendingRefundSimpleSapmaxPartialAdmin -->
        <test-method status="PASS" signature="PendingRefundSimpleSapmaxPartialMerchant()[pri:0, instance:critical.transaction.Refund@2c766a24]" name="PendingRefundSimpleSapmaxPartialMerchant" duration-ms="42234" started-at="2014-04-15T20:18:43Z" finished-at="2014-04-15T20:19:25Z">
          <reporter-output>
          </reporter-output>
        </test-method> <!-- PendingRefundSimpleSapmaxPartialMerchant -->
      </class> <!-- critical.transaction.Refund -->
      <class name="critical.transaction.Simple">
        <test-method status="PASS" signature="pendingTransaction()[pri:0, instance:critical.transaction.Simple@1ebcda2d]" name="pendingTransaction" duration-ms="72219" started-at="2014-04-15T19:01:36Z" finished-at="2014-04-15T19:02:48Z">
          <reporter-output>
          </reporter-output>
        </test-method> <!-- pendingTransaction -->
        <test-method status="PASS" signature="preAuthTransactionFull()[pri:0, instance:critical.transaction.Simple@1ebcda2d]" name="preAuthTransactionFull" duration-ms="22670" started-at="2014-04-15T19:02:48Z" finished-at="2014-04-15T19:03:11Z">
          <reporter-output>
          </reporter-output>
        </test-method> <!-- preAuthTransactionFull -->
        <test-method status="PASS" signature="preAuthTransactionPartial()[pri:0, instance:critical.transaction.Simple@1ebcda2d]" name="preAuthTransactionPartial" duration-ms="20253" started-at="2014-04-15T19:03:11Z" finished-at="2014-04-15T19:03:31Z">
          <reporter-output>
          </reporter-output>
        </test-method> <!-- preAuthTransactionPartial -->
      </class> <!-- critical.transaction.Simple -->
      <class name="critical.transaction.ChargeBack">
        <test-method status="PASS" signature="simpleFullCompletedPreAuthCBK()[pri:0, instance:critical.transaction.ChargeBack@48067064]" name="simpleFullCompletedPreAuthCBK" duration-ms="27132" started-at="2014-04-15T20:19:25Z" finished-at="2014-04-15T20:19:52Z">
          <reporter-output>
          </reporter-output>
        </test-method> <!-- simpleFullCompletedPreAuthCBK -->
        <test-method status="PASS" signature="simpleFullCompletedPreAuthCBKPartial()[pri:0, instance:critical.transaction.ChargeBack@48067064]" name="simpleFullCompletedPreAuthCBKPartial" duration-ms="25749" started-at="2014-04-15T20:19:52Z" finished-at="2014-04-15T20:20:18Z">
          <reporter-output>
          </reporter-output>
        </test-method> <!-- simpleFullCompletedPreAuthCBKPartial -->
        <test-method status="PASS" signature="simplePartialCompletedPreAuthCBK()[pri:0, instance:critical.transaction.ChargeBack@48067064]" name="simplePartialCompletedPreAuthCBK" duration-ms="25975" started-at="2014-04-15T20:20:18Z" finished-at="2014-04-15T20:20:44Z">
          <reporter-output>
          </reporter-output>
        </test-method> <!-- simplePartialCompletedPreAuthCBK -->
        <test-method status="PASS" signature="simplePartialCompletedPreAuthCBKPartial()[pri:0, instance:critical.transaction.ChargeBack@48067064]" name="simplePartialCompletedPreAuthCBKPartial" duration-ms="26118" started-at="2014-04-15T20:20:44Z" finished-at="2014-04-15T20:21:10Z">
          <reporter-output>
          </reporter-output>
        </test-method> <!-- simplePartialCompletedPreAuthCBKPartial -->
        <test-method status="PASS" signature="simplePendingCBK()[pri:0, instance:critical.transaction.ChargeBack@48067064]" name="simplePendingCBK" duration-ms="40228" started-at="2014-04-15T20:21:10Z" finished-at="2014-04-15T20:21:50Z">
          <reporter-output>
          </reporter-output>
        </test-method> <!-- simplePendingCBK -->
        <test-method status="PASS" signature="simplePendingCBKPartial()[pri:0, instance:critical.transaction.ChargeBack@48067064]" name="simplePendingCBKPartial" duration-ms="43565" started-at="2014-04-15T20:21:50Z" finished-at="2014-04-15T20:22:34Z">
          <reporter-output>
          </reporter-output>
        </test-method> <!-- simplePendingCBKPartial -->
        <test-method status="PASS" signature="simplePendingSettledCBK()[pri:0, instance:critical.transaction.ChargeBack@48067064]" name="simplePendingSettledCBK" duration-ms="44076" started-at="2014-04-15T20:22:34Z" finished-at="2014-04-15T20:23:18Z">
          <reporter-output>
          </reporter-output>
        </test-method> <!-- simplePendingSettledCBK -->
        <test-method status="PASS" signature="simplePendingSettledCBKPartial()[pri:0, instance:critical.transaction.ChargeBack@48067064]" name="simplePendingSettledCBKPartial" duration-ms="43820" started-at="2014-04-15T20:23:18Z" finished-at="2014-04-15T20:24:02Z">
          <reporter-output>
          </reporter-output>
        </test-method> <!-- simplePendingSettledCBKPartial -->
        <test-method status="PASS" signature="simplePreAuthCBK()[pri:0, instance:critical.transaction.ChargeBack@48067064]" name="simplePreAuthCBK" duration-ms="19002" started-at="2014-04-15T20:24:02Z" finished-at="2014-04-15T20:24:21Z">
          <reporter-output>
          </reporter-output>
        </test-method> <!-- simplePreAuthCBK -->
        <test-method status="PASS" signature="simplePreAuthCBKPartial()[pri:0, instance:critical.transaction.ChargeBack@48067064]" name="simplePreAuthCBKPartial" duration-ms="19233" started-at="2014-04-15T20:24:21Z" finished-at="2014-04-15T20:24:40Z">
          <reporter-output>
          </reporter-output>
        </test-method> <!-- simplePreAuthCBKPartial -->
        <test-method status="PASS" signature="simplePreauthFullCompleteCBK()[pri:0, instance:critical.transaction.ChargeBack@48067064]" name="simplePreauthFullCompleteCBK" duration-ms="25033" started-at="2014-04-15T20:24:40Z" finished-at="2014-04-15T20:25:05Z">
          <reporter-output>
          </reporter-output>
        </test-method> <!-- simplePreauthFullCompleteCBK -->
        <test-method status="PASS" signature="simplePreauthFullCompleteCBKPartial()[pri:0, instance:critical.transaction.ChargeBack@48067064]" name="simplePreauthFullCompleteCBKPartial" duration-ms="25171" started-at="2014-04-15T20:25:05Z" finished-at="2014-04-15T20:25:30Z">
          <reporter-output>
          </reporter-output>
        </test-method> <!-- simplePreauthFullCompleteCBKPartial -->
        <test-method status="PASS" signature="simplePreauthPartialCompleteCBK()[pri:0, instance:critical.transaction.ChargeBack@48067064]" name="simplePreauthPartialCompleteCBK" duration-ms="25283" started-at="2014-04-15T20:25:30Z" finished-at="2014-04-15T20:25:55Z">
          <reporter-output>
          </reporter-output>
        </test-method> <!-- simplePreauthPartialCompleteCBK -->
        <test-method status="PASS" signature="simplePreauthPartialCompleteCBKPartial()[pri:0, instance:critical.transaction.ChargeBack@48067064]" name="simplePreauthPartialCompleteCBKPartial" duration-ms="24905" started-at="2014-04-15T20:25:55Z" finished-at="2014-04-15T20:26:20Z">
          <reporter-output>
          </reporter-output>
        </test-method> <!-- simplePreauthPartialCompleteCBKPartial -->
        <test-method status="PASS" signature="simpleSapmaxFullCompletedPreAuthCBK()[pri:0, instance:critical.transaction.ChargeBack@48067064]" name="simpleSapmaxFullCompletedPreAuthCBK" duration-ms="45036" started-at="2014-04-15T20:26:20Z" finished-at="2014-04-15T20:27:05Z">
          <reporter-output>
          </reporter-output>
        </test-method> <!-- simpleSapmaxFullCompletedPreAuthCBK -->
        <test-method status="PASS" signature="simpleSapmaxFullCompletedPreAuthCBKPartial()[pri:0, instance:critical.transaction.ChargeBack@48067064]" name="simpleSapmaxFullCompletedPreAuthCBKPartial" duration-ms="44264" started-at="2014-04-15T20:27:05Z" finished-at="2014-04-15T20:27:49Z">
          <reporter-output>
          </reporter-output>
        </test-method> <!-- simpleSapmaxFullCompletedPreAuthCBKPartial -->
        <test-method status="PASS" signature="simpleSapmaxPartialCompletedPreAuthCBK()[pri:0, instance:critical.transaction.ChargeBack@48067064]" name="simpleSapmaxPartialCompletedPreAuthCBK" duration-ms="44265" started-at="2014-04-15T20:27:49Z" finished-at="2014-04-15T20:28:34Z">
          <reporter-output>
          </reporter-output>
        </test-method> <!-- simpleSapmaxPartialCompletedPreAuthCBK -->
        <test-method status="PASS" signature="simpleSapmaxPartialCompletedPreAuthCBKPartial()[pri:0, instance:critical.transaction.ChargeBack@48067064]" name="simpleSapmaxPartialCompletedPreAuthCBKPartial" duration-ms="43774" started-at="2014-04-15T20:28:34Z" finished-at="2014-04-15T20:29:17Z">
          <reporter-output>
          </reporter-output>
        </test-method> <!-- simpleSapmaxPartialCompletedPreAuthCBKPartial -->
        <test-method status="PASS" signature="simpleSapmaxPendingCBK()[pri:0, instance:critical.transaction.ChargeBack@48067064]" name="simpleSapmaxPendingCBK" duration-ms="46892" started-at="2014-04-15T20:29:17Z" finished-at="2014-04-15T20:30:04Z">
          <reporter-output>
          </reporter-output>
        </test-method> <!-- simpleSapmaxPendingCBK -->
        <test-method status="PASS" signature="simpleSapmaxPendingCBKPartial()[pri:0, instance:critical.transaction.ChargeBack@48067064]" name="simpleSapmaxPendingCBKPartial" duration-ms="37785" started-at="2014-04-15T20:30:04Z" finished-at="2014-04-15T20:30:42Z">
          <reporter-output>
          </reporter-output>
        </test-method> <!-- simpleSapmaxPendingCBKPartial -->
        <test-method status="PASS" signature="simpleSapmaxPendingSettledCBK()[pri:0, instance:critical.transaction.ChargeBack@48067064]" name="simpleSapmaxPendingSettledCBK" duration-ms="36655" started-at="2014-04-15T20:30:42Z" finished-at="2014-04-15T20:31:19Z">
          <reporter-output>
          </reporter-output>
        </test-method> <!-- simpleSapmaxPendingSettledCBK -->
        <test-method status="PASS" signature="simpleSapmaxPendingSettledCBKPartial()[pri:0, instance:critical.transaction.ChargeBack@48067064]" name="simpleSapmaxPendingSettledCBKPartial" duration-ms="37812" started-at="2014-04-15T20:31:19Z" finished-at="2014-04-15T20:31:57Z">
          <reporter-output>
          </reporter-output>
        </test-method> <!-- simpleSapmaxPendingSettledCBKPartial -->
        <test-method status="PASS" signature="simpleSapmaxPreAuthCBK()[pri:0, instance:critical.transaction.ChargeBack@48067064]" name="simpleSapmaxPreAuthCBK" duration-ms="37096" started-at="2014-04-15T20:31:57Z" finished-at="2014-04-15T20:32:34Z">
          <reporter-output>
          </reporter-output>
        </test-method> <!-- simpleSapmaxPreAuthCBK -->
        <test-method status="PASS" signature="simpleSapmaxPreAuthCBKPartial()[pri:0, instance:critical.transaction.ChargeBack@48067064]" name="simpleSapmaxPreAuthCBKPartial" duration-ms="36901" started-at="2014-04-15T20:32:34Z" finished-at="2014-04-15T20:33:11Z">
          <reporter-output>
          </reporter-output>
        </test-method> <!-- simpleSapmaxPreAuthCBKPartial -->
        <test-method status="PASS" signature="simpleSapmaxPreauthFullCompleteCBK()[pri:0, instance:critical.transaction.ChargeBack@48067064]" name="simpleSapmaxPreauthFullCompleteCBK" duration-ms="43144" started-at="2014-04-15T20:33:11Z" finished-at="2014-04-15T20:33:54Z">
          <reporter-output>
          </reporter-output>
        </test-method> <!-- simpleSapmaxPreauthFullCompleteCBK -->
        <test-method status="PASS" signature="simpleSapmaxPreauthFullCompleteCBKPartial()[pri:0, instance:critical.transaction.ChargeBack@48067064]" name="simpleSapmaxPreauthFullCompleteCBKPartial" duration-ms="42882" started-at="2014-04-15T20:33:54Z" finished-at="2014-04-15T20:34:37Z">
          <reporter-output>
          </reporter-output>
        </test-method> <!-- simpleSapmaxPreauthFullCompleteCBKPartial -->
        <test-method status="PASS" signature="simpleSapmaxPreauthPartialCompleteCBK()[pri:0, instance:critical.transaction.ChargeBack@48067064]" name="simpleSapmaxPreauthPartialCompleteCBK" duration-ms="42475" started-at="2014-04-15T20:34:37Z" finished-at="2014-04-15T20:35:19Z">
          <reporter-output>
          </reporter-output>
        </test-method> <!-- simpleSapmaxPreauthPartialCompleteCBK -->
        <test-method status="PASS" signature="simpleSapmaxPreauthPartialCompleteCBKPartial()[pri:0, instance:critical.transaction.ChargeBack@48067064]" name="simpleSapmaxPreauthPartialCompleteCBKPartial" duration-ms="42486" started-at="2014-04-15T20:35:19Z" finished-at="2014-04-15T20:36:02Z">
          <reporter-output>
          </reporter-output>
        </test-method> <!-- simpleSapmaxPreauthPartialCompleteCBKPartial -->
        <test-method status="PASS" signature="threeDSFullCompletedPreAuthCBK()[pri:0, instance:critical.transaction.ChargeBack@48067064]" name="threeDSFullCompletedPreAuthCBK" duration-ms="28984" started-at="2014-04-15T20:36:02Z" finished-at="2014-04-15T20:36:31Z">
          <reporter-output>
          </reporter-output>
        </test-method> <!-- threeDSFullCompletedPreAuthCBK -->
        <test-method status="PASS" signature="threeDSFullCompletedPreAuthCBKPartial()[pri:0, instance:critical.transaction.ChargeBack@48067064]" name="threeDSFullCompletedPreAuthCBKPartial" duration-ms="26314" started-at="2014-04-15T20:36:31Z" finished-at="2014-04-15T20:36:57Z">
          <reporter-output>
          </reporter-output>
        </test-method> <!-- threeDSFullCompletedPreAuthCBKPartial -->
        <test-method status="PASS" signature="threeDSPartialCompletedPreAuthCBK()[pri:0, instance:critical.transaction.ChargeBack@48067064]" name="threeDSPartialCompletedPreAuthCBK" duration-ms="26717" started-at="2014-04-15T20:36:57Z" finished-at="2014-04-15T20:37:24Z">
          <reporter-output>
          </reporter-output>
        </test-method> <!-- threeDSPartialCompletedPreAuthCBK -->
        <test-method status="PASS" signature="threeDSPartialCompletedPreAuthCBKPartial()[pri:0, instance:critical.transaction.ChargeBack@48067064]" name="threeDSPartialCompletedPreAuthCBKPartial" duration-ms="26446" started-at="2014-04-15T20:37:24Z" finished-at="2014-04-15T20:37:50Z">
          <reporter-output>
          </reporter-output>
        </test-method> <!-- threeDSPartialCompletedPreAuthCBKPartial -->
        <test-method status="PASS" signature="threeDSPendingCBK()[pri:0, instance:critical.transaction.ChargeBack@48067064]" name="threeDSPendingCBK" duration-ms="19284" started-at="2014-04-15T20:37:50Z" finished-at="2014-04-15T20:38:09Z">
          <reporter-output>
          </reporter-output>
        </test-method> <!-- threeDSPendingCBK -->
        <test-method status="PASS" signature="threeDSPendingCBKPartial()[pri:0, instance:critical.transaction.ChargeBack@48067064]" name="threeDSPendingCBKPartial" duration-ms="18979" started-at="2014-04-15T20:38:09Z" finished-at="2014-04-15T20:38:28Z">
          <reporter-output>
          </reporter-output>
        </test-method> <!-- threeDSPendingCBKPartial -->
        <test-method status="PASS" signature="threeDSPendingSettledCBK()[pri:0, instance:critical.transaction.ChargeBack@48067064]" name="threeDSPendingSettledCBK" duration-ms="19579" started-at="2014-04-15T20:38:28Z" finished-at="2014-04-15T20:38:48Z">
          <reporter-output>
          </reporter-output>
        </test-method> <!-- threeDSPendingSettledCBK -->
        <test-method status="PASS" signature="threeDSPendingSettledCBKPartial()[pri:0, instance:critical.transaction.ChargeBack@48067064]" name="threeDSPendingSettledCBKPartial" duration-ms="19686" started-at="2014-04-15T20:38:48Z" finished-at="2014-04-15T20:39:08Z">
          <reporter-output>
          </reporter-output>
        </test-method> <!-- threeDSPendingSettledCBKPartial -->
        <test-method status="PASS" signature="threeDSPreAuthCBK()[pri:0, instance:critical.transaction.ChargeBack@48067064]" name="threeDSPreAuthCBK" duration-ms="19511" started-at="2014-04-15T20:39:08Z" finished-at="2014-04-15T20:39:27Z">
          <reporter-output>
          </reporter-output>
        </test-method> <!-- threeDSPreAuthCBK -->
        <test-method status="PASS" signature="threeDSPreAuthCBKPartial()[pri:0, instance:critical.transaction.ChargeBack@48067064]" name="threeDSPreAuthCBKPartial" duration-ms="19588" started-at="2014-04-15T20:39:27Z" finished-at="2014-04-15T20:39:47Z">
          <reporter-output>
          </reporter-output>
        </test-method> <!-- threeDSPreAuthCBKPartial -->
        <test-method status="PASS" signature="threeDSPreauthFullCompleteCBK()[pri:0, instance:critical.transaction.ChargeBack@48067064]" name="threeDSPreauthFullCompleteCBK" duration-ms="26047" started-at="2014-04-15T20:39:47Z" finished-at="2014-04-15T20:40:13Z">
          <reporter-output>
          </reporter-output>
        </test-method> <!-- threeDSPreauthFullCompleteCBK -->
        <test-method status="PASS" signature="threeDSPreauthFullCompleteCBKPartial()[pri:0, instance:critical.transaction.ChargeBack@48067064]" name="threeDSPreauthFullCompleteCBKPartial" duration-ms="25751" started-at="2014-04-15T20:40:13Z" finished-at="2014-04-15T20:40:39Z">
          <reporter-output>
          </reporter-output>
        </test-method> <!-- threeDSPreauthFullCompleteCBKPartial -->
        <test-method status="PASS" signature="threeDSPreauthPartialCompleteCBK()[pri:0, instance:critical.transaction.ChargeBack@48067064]" name="threeDSPreauthPartialCompleteCBK" duration-ms="25946" started-at="2014-04-15T20:40:39Z" finished-at="2014-04-15T20:41:04Z">
          <reporter-output>
          </reporter-output>
        </test-method> <!-- threeDSPreauthPartialCompleteCBK -->
        <test-method status="PASS" signature="threeDSPreauthPartialCompleteCBKPartial()[pri:0, instance:critical.transaction.ChargeBack@48067064]" name="threeDSPreauthPartialCompleteCBKPartial" duration-ms="25152" started-at="2014-04-15T20:41:04Z" finished-at="2014-04-15T20:41:30Z">
          <reporter-output>
          </reporter-output>
        </test-method> <!-- threeDSPreauthPartialCompleteCBKPartial -->
        <test-method status="PASS" signature="threeDSSapmaxFullCompletedPreAuthCBK()[pri:0, instance:critical.transaction.ChargeBack@48067064]" name="threeDSSapmaxFullCompletedPreAuthCBK" duration-ms="46646" started-at="2014-04-15T20:41:30Z" finished-at="2014-04-15T20:42:16Z">
          <reporter-output>
          </reporter-output>
        </test-method> <!-- threeDSSapmaxFullCompletedPreAuthCBK -->
        <test-method status="PASS" signature="threeDSSapmaxFullCompletedPreAuthCBKPartial()[pri:0, instance:critical.transaction.ChargeBack@48067064]" name="threeDSSapmaxFullCompletedPreAuthCBKPartial" duration-ms="45086" started-at="2014-04-15T20:42:16Z" finished-at="2014-04-15T20:43:01Z">
          <reporter-output>
          </reporter-output>
        </test-method> <!-- threeDSSapmaxFullCompletedPreAuthCBKPartial -->
        <test-method status="PASS" signature="threeDSSapmaxPartialCompletedPreAuthCBK()[pri:0, instance:critical.transaction.ChargeBack@48067064]" name="threeDSSapmaxPartialCompletedPreAuthCBK" duration-ms="45530" started-at="2014-04-15T20:43:01Z" finished-at="2014-04-15T20:43:47Z">
          <reporter-output>
          </reporter-output>
        </test-method> <!-- threeDSSapmaxPartialCompletedPreAuthCBK -->
        <test-method status="PASS" signature="threeDSSapmaxPartialCompletedPreAuthCBKPartial()[pri:0, instance:critical.transaction.ChargeBack@48067064]" name="threeDSSapmaxPartialCompletedPreAuthCBKPartial" duration-ms="45243" started-at="2014-04-15T20:43:47Z" finished-at="2014-04-15T20:44:32Z">
          <reporter-output>
          </reporter-output>
        </test-method> <!-- threeDSSapmaxPartialCompletedPreAuthCBKPartial -->
        <test-method status="PASS" signature="threeDSSapmaxPendingCBK()[pri:0, instance:critical.transaction.ChargeBack@48067064]" name="threeDSSapmaxPendingCBK" duration-ms="38001" started-at="2014-04-15T20:44:32Z" finished-at="2014-04-15T20:45:10Z">
          <reporter-output>
          </reporter-output>
        </test-method> <!-- threeDSSapmaxPendingCBK -->
        <test-method status="PASS" signature="threeDSSapmaxPendingCBKPartial()[pri:0, instance:critical.transaction.ChargeBack@48067064]" name="threeDSSapmaxPendingCBKPartial" duration-ms="37318" started-at="2014-04-15T20:45:10Z" finished-at="2014-04-15T20:45:47Z">
          <reporter-output>
          </reporter-output>
        </test-method> <!-- threeDSSapmaxPendingCBKPartial -->
        <test-method status="PASS" signature="threeDSSapmaxPendingSettledCBK()[pri:0, instance:critical.transaction.ChargeBack@48067064]" name="threeDSSapmaxPendingSettledCBK" duration-ms="37431" started-at="2014-04-15T20:45:47Z" finished-at="2014-04-15T20:46:25Z">
          <reporter-output>
          </reporter-output>
        </test-method> <!-- threeDSSapmaxPendingSettledCBK -->
        <test-method status="PASS" signature="threeDSSapmaxPendingSettledCBKPartial()[pri:0, instance:critical.transaction.ChargeBack@48067064]" name="threeDSSapmaxPendingSettledCBKPartial" duration-ms="37804" started-at="2014-04-15T20:46:25Z" finished-at="2014-04-15T20:47:03Z">
          <reporter-output>
          </reporter-output>
        </test-method> <!-- threeDSSapmaxPendingSettledCBKPartial -->
        <test-method status="PASS" signature="threeDSSapmaxPreAuthCBK()[pri:0, instance:critical.transaction.ChargeBack@48067064]" name="threeDSSapmaxPreAuthCBK" duration-ms="37725" started-at="2014-04-15T20:47:03Z" finished-at="2014-04-15T20:47:40Z">
          <reporter-output>
          </reporter-output>
        </test-method> <!-- threeDSSapmaxPreAuthCBK -->
        <test-method status="PASS" signature="threeDSSapmaxPreAuthCBKPartial()[pri:0, instance:critical.transaction.ChargeBack@48067064]" name="threeDSSapmaxPreAuthCBKPartial" duration-ms="38038" started-at="2014-04-15T20:47:40Z" finished-at="2014-04-15T20:48:18Z">
          <reporter-output>
          </reporter-output>
        </test-method> <!-- threeDSSapmaxPreAuthCBKPartial -->
        <test-method status="PASS" signature="threeDSSapmaxPreauthFullCompleteCBK()[pri:0, instance:critical.transaction.ChargeBack@48067064]" name="threeDSSapmaxPreauthFullCompleteCBK" duration-ms="43271" started-at="2014-04-15T20:48:18Z" finished-at="2014-04-15T20:49:02Z">
          <reporter-output>
          </reporter-output>
        </test-method> <!-- threeDSSapmaxPreauthFullCompleteCBK -->
        <test-method status="PASS" signature="threeDSSapmaxPreauthFullCompleteCBKPartial()[pri:0, instance:critical.transaction.ChargeBack@48067064]" name="threeDSSapmaxPreauthFullCompleteCBKPartial" duration-ms="43903" started-at="2014-04-15T20:49:02Z" finished-at="2014-04-15T20:49:46Z">
          <reporter-output>
          </reporter-output>
        </test-method> <!-- threeDSSapmaxPreauthFullCompleteCBKPartial -->
        <test-method status="PASS" signature="threeDSSapmaxPreauthPartialCompleteCBK()[pri:0, instance:critical.transaction.ChargeBack@48067064]" name="threeDSSapmaxPreauthPartialCompleteCBK" duration-ms="43235" started-at="2014-04-15T20:49:46Z" finished-at="2014-04-15T20:50:29Z">
          <reporter-output>
          </reporter-output>
        </test-method> <!-- threeDSSapmaxPreauthPartialCompleteCBK -->
        <test-method status="PASS" signature="threeDSSapmaxPreauthPartialCompleteCBKPartial()[pri:0, instance:critical.transaction.ChargeBack@48067064]" name="threeDSSapmaxPreauthPartialCompleteCBKPartial" duration-ms="43327" started-at="2014-04-15T20:50:29Z" finished-at="2014-04-15T20:51:12Z">
          <reporter-output>
          </reporter-output>
        </test-method> <!-- threeDSSapmaxPreauthPartialCompleteCBKPartial -->
      </class> <!-- critical.transaction.ChargeBack -->
      <class name="critical.transaction.Simple_Sapmax">
        <test-method status="PASS" signature="pendingTransaction()[pri:0, instance:critical.transaction.Simple_Sapmax@97d01f]" name="pendingTransaction" duration-ms="37005" started-at="2014-04-15T19:03:31Z" finished-at="2014-04-15T19:04:08Z">
          <reporter-output>
          </reporter-output>
        </test-method> <!-- pendingTransaction -->
        <test-method status="PASS" signature="preAuthTransactionFull()[pri:0, instance:critical.transaction.Simple_Sapmax@97d01f]" name="preAuthTransactionFull" duration-ms="38382" started-at="2014-04-15T19:04:08Z" finished-at="2014-04-15T19:04:46Z">
          <reporter-output>
          </reporter-output>
        </test-method> <!-- preAuthTransactionFull -->
        <test-method status="PASS" signature="preAuthTransactionPartial()[pri:0, instance:critical.transaction.Simple_Sapmax@97d01f]" name="preAuthTransactionPartial" duration-ms="37671" started-at="2014-04-15T19:04:46Z" finished-at="2014-04-15T19:05:24Z">
          <reporter-output>
          </reporter-output>
        </test-method> <!-- preAuthTransactionPartial -->
      </class> <!-- critical.transaction.Simple_Sapmax -->
      <class name="critical.transaction.Voided">
        <test-method status="PASS" signature="SimpleFullCompletedPreAuthVoid()[pri:0, instance:critical.transaction.Voided@66100363]" name="SimpleFullCompletedPreAuthVoid" duration-ms="30189" started-at="2014-04-15T19:08:22Z" finished-at="2014-04-15T19:08:53Z">
          <reporter-output>
          </reporter-output>
        </test-method> <!-- SimpleFullCompletedPreAuthVoid -->
        <test-method status="PASS" signature="SimpleFullCompletedPreAuthVoidAdmin()[pri:0, instance:critical.transaction.Voided@66100363]" name="SimpleFullCompletedPreAuthVoidAdmin" duration-ms="28377" started-at="2014-04-15T19:08:53Z" finished-at="2014-04-15T19:09:21Z">
          <reporter-output>
          </reporter-output>
        </test-method> <!-- SimpleFullCompletedPreAuthVoidAdmin -->
        <test-method status="PASS" signature="SimplePartialCompletedPreAuthVoid()[pri:0, instance:critical.transaction.Voided@66100363]" name="SimplePartialCompletedPreAuthVoid" duration-ms="29811" started-at="2014-04-15T19:09:21Z" finished-at="2014-04-15T19:09:51Z">
          <reporter-output>
          </reporter-output>
        </test-method> <!-- SimplePartialCompletedPreAuthVoid -->
        <test-method status="PASS" signature="SimplePartialCompletedPreAuthVoidAdmin()[pri:0, instance:critical.transaction.Voided@66100363]" name="SimplePartialCompletedPreAuthVoidAdmin" duration-ms="28250" started-at="2014-04-15T19:09:51Z" finished-at="2014-04-15T19:10:19Z">
          <reporter-output>
          </reporter-output>
        </test-method> <!-- SimplePartialCompletedPreAuthVoidAdmin -->
        <test-method status="PASS" signature="SimplePendingVoid()[pri:0, instance:critical.transaction.Voided@66100363]" name="SimplePendingVoid" duration-ms="43740" started-at="2014-04-15T19:10:19Z" finished-at="2014-04-15T19:11:03Z">
          <reporter-output>
          </reporter-output>
        </test-method> <!-- SimplePendingVoid -->
        <test-method status="PASS" signature="SimplePendingVoidAdmin()[pri:0, instance:critical.transaction.Voided@66100363]" name="SimplePendingVoidAdmin" duration-ms="45814" started-at="2014-04-15T19:11:03Z" finished-at="2014-04-15T19:11:49Z">
          <reporter-output>
          </reporter-output>
        </test-method> <!-- SimplePendingVoidAdmin -->
        <test-method status="PASS" signature="SimplePreAuthVoid()[pri:0, instance:critical.transaction.Voided@66100363]" name="SimplePreAuthVoid" duration-ms="22368" started-at="2014-04-15T19:11:49Z" finished-at="2014-04-15T19:12:11Z">
          <reporter-output>
          </reporter-output>
        </test-method> <!-- SimplePreAuthVoid -->
        <test-method status="PASS" signature="SimplePreAuthVoidAdmin()[pri:0, instance:critical.transaction.Voided@66100363]" name="SimplePreAuthVoidAdmin" duration-ms="21139" started-at="2014-04-15T19:12:11Z" finished-at="2014-04-15T19:12:32Z">
          <reporter-output>
          </reporter-output>
        </test-method> <!-- SimplePreAuthVoidAdmin -->
        <test-method status="PASS" signature="SimpleSapmaxFullCompletedPreAuthVoid()[pri:0, instance:critical.transaction.Voided@66100363]" name="SimpleSapmaxFullCompletedPreAuthVoid" duration-ms="47022" started-at="2014-04-15T19:12:32Z" finished-at="2014-04-15T19:13:19Z">
          <reporter-output>
          </reporter-output>
        </test-method> <!-- SimpleSapmaxFullCompletedPreAuthVoid -->
        <test-method status="PASS" signature="SimpleSapmaxFullCompletedPreAuthVoidAdmin()[pri:0, instance:critical.transaction.Voided@66100363]" name="SimpleSapmaxFullCompletedPreAuthVoidAdmin" duration-ms="46241" started-at="2014-04-15T19:13:19Z" finished-at="2014-04-15T19:14:05Z">
          <reporter-output>
          </reporter-output>
        </test-method> <!-- SimpleSapmaxFullCompletedPreAuthVoidAdmin -->
        <test-method status="PASS" signature="SimpleSapmaxPartialCompletedPreAuthVoid()[pri:0, instance:critical.transaction.Voided@66100363]" name="SimpleSapmaxPartialCompletedPreAuthVoid" duration-ms="50492" started-at="2014-04-15T19:14:05Z" finished-at="2014-04-15T19:14:56Z">
          <reporter-output>
          </reporter-output>
        </test-method> <!-- SimpleSapmaxPartialCompletedPreAuthVoid -->
        <test-method status="PASS" signature="SimpleSapmaxPartialCompletedPreAuthVoidAdmin()[pri:0, instance:critical.transaction.Voided@66100363]" name="SimpleSapmaxPartialCompletedPreAuthVoidAdmin" duration-ms="48815" started-at="2014-04-15T19:14:56Z" finished-at="2014-04-15T19:15:45Z">
          <reporter-output>
          </reporter-output>
        </test-method> <!-- SimpleSapmaxPartialCompletedPreAuthVoidAdmin -->
        <test-method status="PASS" signature="SimpleSapmaxPendingVoid()[pri:0, instance:critical.transaction.Voided@66100363]" name="SimpleSapmaxPendingVoid" duration-ms="41833" started-at="2014-04-15T19:15:45Z" finished-at="2014-04-15T19:16:27Z">
          <reporter-output>
          </reporter-output>
        </test-method> <!-- SimpleSapmaxPendingVoid -->
        <test-method status="PASS" signature="SimpleSapmaxPendingVoidAdmin()[pri:0, instance:critical.transaction.Voided@66100363]" name="SimpleSapmaxPendingVoidAdmin" duration-ms="40082" started-at="2014-04-15T19:16:27Z" finished-at="2014-04-15T19:17:07Z">
          <reporter-output>
          </reporter-output>
        </test-method> <!-- SimpleSapmaxPendingVoidAdmin -->
        <test-method status="PASS" signature="SimpleSapmaxPreAuthVoid()[pri:0, instance:critical.transaction.Voided@66100363]" name="SimpleSapmaxPreAuthVoid" duration-ms="41323" started-at="2014-04-15T19:17:07Z" finished-at="2014-04-15T19:17:48Z">
          <reporter-output>
          </reporter-output>
        </test-method> <!-- SimpleSapmaxPreAuthVoid -->
        <test-method status="PASS" signature="SimpleSapmaxPreAuthVoidAdmin()[pri:0, instance:critical.transaction.Voided@66100363]" name="SimpleSapmaxPreAuthVoidAdmin" duration-ms="38549" started-at="2014-04-15T19:17:48Z" finished-at="2014-04-15T19:18:26Z">
          <reporter-output>
          </reporter-output>
        </test-method> <!-- SimpleSapmaxPreAuthVoidAdmin -->
        <test-method status="PASS" signature="threeDSFullCompletedPreAuthVoid()[pri:0, instance:critical.transaction.Voided@66100363]" name="threeDSFullCompletedPreAuthVoid" duration-ms="29611" started-at="2014-04-15T19:18:26Z" finished-at="2014-04-15T19:18:56Z">
          <reporter-output>
          </reporter-output>
        </test-method> <!-- threeDSFullCompletedPreAuthVoid -->
        <test-method status="PASS" signature="threeDSFullCompletedPreAuthVoidAdmin()[pri:0, instance:critical.transaction.Voided@66100363]" name="threeDSFullCompletedPreAuthVoidAdmin" duration-ms="28473" started-at="2014-04-15T19:18:56Z" finished-at="2014-04-15T19:19:25Z">
          <reporter-output>
          </reporter-output>
        </test-method> <!-- threeDSFullCompletedPreAuthVoidAdmin -->
        <test-method status="PASS" signature="threeDSPartialCompletedPreAuthVoid()[pri:0, instance:critical.transaction.Voided@66100363]" name="threeDSPartialCompletedPreAuthVoid" duration-ms="29782" started-at="2014-04-15T19:19:25Z" finished-at="2014-04-15T19:19:54Z">
          <reporter-output>
          </reporter-output>
        </test-method> <!-- threeDSPartialCompletedPreAuthVoid -->
        <test-method status="PASS" signature="threeDSPartialCompletedPreAuthVoidAdmin()[pri:0, instance:critical.transaction.Voided@66100363]" name="threeDSPartialCompletedPreAuthVoidAdmin" duration-ms="28487" started-at="2014-04-15T19:19:54Z" finished-at="2014-04-15T19:20:23Z">
          <reporter-output>
          </reporter-output>
        </test-method> <!-- threeDSPartialCompletedPreAuthVoidAdmin -->
        <test-method status="PASS" signature="threeDSPendingVoid()[pri:0, instance:critical.transaction.Voided@66100363]" name="threeDSPendingVoid" duration-ms="23350" started-at="2014-04-15T19:20:23Z" finished-at="2014-04-15T19:20:46Z">
          <reporter-output>
          </reporter-output>
        </test-method> <!-- threeDSPendingVoid -->
        <test-method status="PASS" signature="threeDSPendingVoidAdmin()[pri:0, instance:critical.transaction.Voided@66100363]" name="threeDSPendingVoidAdmin" duration-ms="22410" started-at="2014-04-15T19:20:46Z" finished-at="2014-04-15T19:21:09Z">
          <reporter-output>
          </reporter-output>
        </test-method> <!-- threeDSPendingVoidAdmin -->
        <test-method status="PASS" signature="threeDSPreAuthVoid()[pri:0, instance:critical.transaction.Voided@66100363]" name="threeDSPreAuthVoid" duration-ms="22813" started-at="2014-04-15T19:21:09Z" finished-at="2014-04-15T19:21:31Z">
          <reporter-output>
          </reporter-output>
        </test-method> <!-- threeDSPreAuthVoid -->
        <test-method status="PASS" signature="threeDSPreAuthVoidAdmin()[pri:0, instance:critical.transaction.Voided@66100363]" name="threeDSPreAuthVoidAdmin" duration-ms="22081" started-at="2014-04-15T19:21:31Z" finished-at="2014-04-15T19:21:53Z">
          <reporter-output>
          </reporter-output>
        </test-method> <!-- threeDSPreAuthVoidAdmin -->
        <test-method status="PASS" signature="threeDSSapmaxFullCompletedPreAuthVoid()[pri:0, instance:critical.transaction.Voided@66100363]" name="threeDSSapmaxFullCompletedPreAuthVoid" duration-ms="50352" started-at="2014-04-15T19:21:53Z" finished-at="2014-04-15T19:22:44Z">
          <reporter-output>
          </reporter-output>
        </test-method> <!-- threeDSSapmaxFullCompletedPreAuthVoid -->
        <test-method status="PASS" signature="threeDSSapmaxFullCompletedPreAuthVoidAdmin()[pri:0, instance:critical.transaction.Voided@66100363]" name="threeDSSapmaxFullCompletedPreAuthVoidAdmin" duration-ms="47158" started-at="2014-04-15T19:22:44Z" finished-at="2014-04-15T19:23:31Z">
          <reporter-output>
          </reporter-output>
        </test-method> <!-- threeDSSapmaxFullCompletedPreAuthVoidAdmin -->
        <test-method status="PASS" signature="threeDSSapmaxPartialCompletedPreAuthVoid()[pri:0, instance:critical.transaction.Voided@66100363]" name="threeDSSapmaxPartialCompletedPreAuthVoid" duration-ms="47719" started-at="2014-04-15T19:23:31Z" finished-at="2014-04-15T19:24:19Z">
          <reporter-output>
          </reporter-output>
        </test-method> <!-- threeDSSapmaxPartialCompletedPreAuthVoid -->
        <test-method status="PASS" signature="threeDSSapmaxPartialCompletedPreAuthVoidAdmin()[pri:0, instance:critical.transaction.Voided@66100363]" name="threeDSSapmaxPartialCompletedPreAuthVoidAdmin" duration-ms="47450" started-at="2014-04-15T19:24:19Z" finished-at="2014-04-15T19:25:06Z">
          <reporter-output>
          </reporter-output>
        </test-method> <!-- threeDSSapmaxPartialCompletedPreAuthVoidAdmin -->
        <test-method status="PASS" signature="threeDSSapmaxPendingVoid()[pri:0, instance:critical.transaction.Voided@66100363]" name="threeDSSapmaxPendingVoid" duration-ms="41273" started-at="2014-04-15T19:25:06Z" finished-at="2014-04-15T19:25:47Z">
          <reporter-output>
          </reporter-output>
        </test-method> <!-- threeDSSapmaxPendingVoid -->
        <test-method status="PASS" signature="threeDSSapmaxPendingVoidAdmin()[pri:0, instance:critical.transaction.Voided@66100363]" name="threeDSSapmaxPendingVoidAdmin" duration-ms="39498" started-at="2014-04-15T19:25:47Z" finished-at="2014-04-15T19:26:27Z">
          <reporter-output>
          </reporter-output>
        </test-method> <!-- threeDSSapmaxPendingVoidAdmin -->
        <test-method status="PASS" signature="threeDSSapmaxPreAuthVoid()[pri:0, instance:critical.transaction.Voided@66100363]" name="threeDSSapmaxPreAuthVoid" duration-ms="40997" started-at="2014-04-15T19:26:27Z" finished-at="2014-04-15T19:27:08Z">
          <reporter-output>
          </reporter-output>
        </test-method> <!-- threeDSSapmaxPreAuthVoid -->
        <test-method status="PASS" signature="threeDSSapmaxPreAuthVoidAdmin()[pri:0, instance:critical.transaction.Voided@66100363]" name="threeDSSapmaxPreAuthVoidAdmin" duration-ms="39768" started-at="2014-04-15T19:27:08Z" finished-at="2014-04-15T19:27:48Z">
          <reporter-output>
          </reporter-output>
        </test-method> <!-- threeDSSapmaxPreAuthVoidAdmin -->
      </class> <!-- critical.transaction.Voided -->
    </test> <!-- Critical Test -->
  </suite> <!-- Regression -->
</testng-results>
