<?xml version="1.0" encoding="UTF-8"?>
<testsuite name="Critical Test"
           tests="56"
           failures="0"
           errors="0"
           skipped="0"
           time="1907,299">
  <properties />
  
  
            <testcase name="threeDSSapmaxPartialCompletedPreAuthCBKPartial" time="45,243" classname="critical.transaction.ChargeBack" />
                <testcase name="simplePartialCompletedPreAuthCBKPartial" time="26,118" classname="critical.transaction.ChargeBack" />
                <testcase name="threeDSPendingCBK" time="19,284" classname="critical.transaction.ChargeBack" />
                <testcase name="simpleSapmaxPreAuthCBK" time="37,096" classname="critical.transaction.ChargeBack" />
                <testcase name="simplePendingSettledCBK" time="44,076" classname="critical.transaction.ChargeBack" />
                <testcase name="threeDSPreauthFullCompleteCBK" time="26,047" classname="critical.transaction.ChargeBack" />
                <testcase name="threeDSSapmaxPendingSettledCBK" time="37,431" classname="critical.transaction.ChargeBack" />
                <testcase name="threeDSPendingSettledCBK" time="19,579" classname="critical.transaction.ChargeBack" />
                <testcase name="threeDSPreAuthCBK" time="19,511" classname="critical.transaction.ChargeBack" />
                <testcase name="simpleSapmaxPreauthFullCompleteCBKPartial" time="42,882" classname="critical.transaction.ChargeBack" />
                <testcase name="threeDSPartialCompletedPreAuthCBKPartial" time="26,446" classname="critical.transaction.ChargeBack" />
                <testcase name="simpleSapmaxPreauthPartialCompleteCBK" time="42,475" classname="critical.transaction.ChargeBack" />
                <testcase name="threeDSSapmaxFullCompletedPreAuthCBKPartial" time="45,086" classname="critical.transaction.ChargeBack" />
                <testcase name="threeDSSapmaxPreAuthCBKPartial" time="38,038" classname="critical.transaction.ChargeBack" />
                <testcase name="threeDSSapmaxPendingSettledCBKPartial" time="37,804" classname="critical.transaction.ChargeBack" />
                <testcase name="threeDSPreAuthCBKPartial" time="19,588" classname="critical.transaction.ChargeBack" />
                <testcase name="simpleSapmaxFullCompletedPreAuthCBK" time="45,036" classname="critical.transaction.ChargeBack" />
                <testcase name="simplePartialCompletedPreAuthCBK" time="25,975" classname="critical.transaction.ChargeBack" />
                <testcase name="threeDSSapmaxPendingCBKPartial" time="37,318" classname="critical.transaction.ChargeBack" />
                <testcase name="threeDSSapmaxPreAuthCBK" time="37,725" classname="critical.transaction.ChargeBack" />
                <testcase name="simpleSapmaxPendingSettledCBKPartial" time="37,812" classname="critical.transaction.ChargeBack" />
                <testcase name="simpleFullCompletedPreAuthCBK" time="27,132" classname="critical.transaction.ChargeBack" />
                <testcase name="simplePreauthFullCompleteCBK" time="25,033" classname="critical.transaction.ChargeBack" />
                <testcase name="threeDSPreauthPartialCompleteCBKPartial" time="25,152" classname="critical.transaction.ChargeBack" />
                <testcase name="threeDSPendingCBKPartial" time="18,979" classname="critical.transaction.ChargeBack" />
                <testcase name="simpleSapmaxPendingSettledCBK" time="36,655" classname="critical.transaction.ChargeBack" />
                <testcase name="simplePreAuthCBK" time="19,002" classname="critical.transaction.ChargeBack" />
                <testcase name="threeDSPreauthPartialCompleteCBK" time="25,946" classname="critical.transaction.ChargeBack" />
                <testcase name="threeDSSapmaxPreauthPartialCompleteCBK" time="43,235" classname="critical.transaction.ChargeBack" />
                <testcase name="simplePreAuthCBKPartial" time="19,233" classname="critical.transaction.ChargeBack" />
                <testcase name="simplePendingSettledCBKPartial" time="43,820" classname="critical.transaction.ChargeBack" />
                <testcase name="simpleFullCompletedPreAuthCBKPartial" time="25,749" classname="critical.transaction.ChargeBack" />
                <testcase name="simpleSapmaxPartialCompletedPreAuthCBK" time="44,265" classname="critical.transaction.ChargeBack" />
                <testcase name="simplePendingCBK" time="40,228" classname="critical.transaction.ChargeBack" />
                <testcase name="simpleSapmaxPreauthPartialCompleteCBKPartial" time="42,486" classname="critical.transaction.ChargeBack" />
                <testcase name="simpleSapmaxPendingCBKPartial" time="37,785" classname="critical.transaction.ChargeBack" />
                <testcase name="threeDSPartialCompletedPreAuthCBK" time="26,717" classname="critical.transaction.ChargeBack" />
                <testcase name="threeDSFullCompletedPreAuthCBKPartial" time="26,314" classname="critical.transaction.ChargeBack" />
                <testcase name="threeDSFullCompletedPreAuthCBK" time="28,984" classname="critical.transaction.ChargeBack" />
                <testcase name="threeDSSapmaxPreauthFullCompleteCBK" time="43,271" classname="critical.transaction.ChargeBack" />
                <testcase name="threeDSPendingSettledCBKPartial" time="19,686" classname="critical.transaction.ChargeBack" />
                <testcase name="threeDSPreauthFullCompleteCBKPartial" time="25,751" classname="critical.transaction.ChargeBack" />
                <testcase name="simplePreauthFullCompleteCBKPartial" time="25,171" classname="critical.transaction.ChargeBack" />
                <testcase name="simpleSapmaxFullCompletedPreAuthCBKPartial" time="44,264" classname="critical.transaction.ChargeBack" />
                <testcase name="threeDSSapmaxPreauthFullCompleteCBKPartial" time="43,903" classname="critical.transaction.ChargeBack" />
                <testcase name="simplePreauthPartialCompleteCBK" time="25,283" classname="critical.transaction.ChargeBack" />
                <testcase name="threeDSSapmaxPreauthPartialCompleteCBKPartial" time="43,327" classname="critical.transaction.ChargeBack" />
                <testcase name="simplePendingCBKPartial" time="43,565" classname="critical.transaction.ChargeBack" />
                <testcase name="threeDSSapmaxPendingCBK" time="38,001" classname="critical.transaction.ChargeBack" />
                <testcase name="threeDSSapmaxPartialCompletedPreAuthCBK" time="45,530" classname="critical.transaction.ChargeBack" />
                <testcase name="simplePreauthPartialCompleteCBKPartial" time="24,905" classname="critical.transaction.ChargeBack" />
                <testcase name="simpleSapmaxPreauthFullCompleteCBK" time="43,144" classname="critical.transaction.ChargeBack" />
                <testcase name="simpleSapmaxPendingCBK" time="46,892" classname="critical.transaction.ChargeBack" />
                <testcase name="simpleSapmaxPreAuthCBKPartial" time="36,901" classname="critical.transaction.ChargeBack" />
                <testcase name="simpleSapmaxPartialCompletedPreAuthCBKPartial" time="43,774" classname="critical.transaction.ChargeBack" />
                <testcase name="threeDSSapmaxFullCompletedPreAuthCBK" time="46,646" classname="critical.transaction.ChargeBack" />
      
</testsuite>
