<?xml version="1.0" encoding="UTF-8"?>
<testsuite name="Critical Test"
           tests="71"
           failures="0"
           errors="0"
           skipped="0"
           time="3097,150">
  <properties />
  
  
            <testcase name="FullPreauthRefund3DSPartPartAdmin" time="42,978" classname="critical.transaction.Refund" />
                <testcase name="PendingRefund3DSFullAdmin" time="20,883" classname="critical.transaction.Refund" />
                <testcase name="PartialPreauthRefundSimpleSapmaxPartPartAdmin" time="63,124" classname="critical.transaction.Refund" />
                <testcase name="PendingRefundSimpleFullMerchant" time="48,702" classname="critical.transaction.Refund" />
                <testcase name="FullPreauthRefund3DSSapmaxPartialMerchant" time="48,652" classname="critical.transaction.Refund" />
                <testcase name="FullPreauthRefundSimpleSapmaxPartPartAdmin" time="63,901" classname="critical.transaction.Refund" />
                <testcase name="FullPreauthRefundSimplePartialMerchant" time="29,245" classname="critical.transaction.Refund" />
                <testcase name="PartialPreauthRefund3DSPartialMerchant" time="29,624" classname="critical.transaction.Refund" />
                <testcase name="FullPreauthRefundSimpleSapmaxFullAdmin" time="46,232" classname="critical.transaction.Refund" />
                <testcase name="FullPreauthRefund3DSPartPartMerchant" time="45,959" classname="critical.transaction.Refund" />
                <testcase name="PartialPreauthRefund3DSPartPartMerchant" time="45,867" classname="critical.transaction.Refund" />
                <testcase name="PendingRefund3DSPartialMerchant" time="24,632" classname="critical.transaction.Refund" />
                <testcase name="PartialPreauthRefundSimplePartPartAdmin" time="42,047" classname="critical.transaction.Refund" />
                <testcase name="FullPreauthRefund3DSSapmaxPartPartAdmin" time="63,645" classname="critical.transaction.Refund" />
                <testcase name="PendingRefundSimplePartPartAdmin" time="56,647" classname="critical.transaction.Refund" />
                <testcase name="PendingRefundSimpleSapmaxFullAdmin" time="39,177" classname="critical.transaction.Refund" />
                <testcase name="PendingRefund3DSPartialAdmin" time="21,588" classname="critical.transaction.Refund" />
                <testcase name="PartialPreauthRefundSimplePartialMerchant" time="30,977" classname="critical.transaction.Refund" />
                <testcase name="PartialPreauthRefund3DSSapmaxFullMerchant" time="49,570" classname="critical.transaction.Refund" />
                <testcase name="FullPreauthRefund3DSPartialAdmin" time="28,216" classname="critical.transaction.Refund" />
                <testcase name="PartialPreauthRefund3DSFullAdmin" time="29,274" classname="critical.transaction.Refund" />
                <testcase name="FullPreauthRefundSimpleSapmaxFullMerchant" time="46,887" classname="critical.transaction.Refund" />
                <testcase name="FullPreauthRefundSimpleSapmaxPartialMerchant" time="46,883" classname="critical.transaction.Refund" />
                <testcase name="PendingRefundSimpleSapmaxPartialMerchant" time="42,234" classname="critical.transaction.Refund" />
                <testcase name="PartialPreauthRefund3DSSapmaxPartialMerchant" time="48,110" classname="critical.transaction.Refund" />
                <testcase name="PendingRefund3DSPartPartMerchant" time="40,646" classname="critical.transaction.Refund" />
                <testcase name="PendingRefund3DSSapmaxPartPartMerchant" time="57,684" classname="critical.transaction.Refund" />
                <testcase name="PendingRefund3DSSapmaxPartialMerchant" time="43,263" classname="critical.transaction.Refund" />
                <testcase name="PartialPreauthRefundSimpleSapmaxFullMerchant" time="46,794" classname="critical.transaction.Refund" />
                <testcase name="PendingRefundSimpleSapmaxFullMerchant" time="42,126" classname="critical.transaction.Refund" />
                <testcase name="PartialPreauthRefund3DSPartialAdmin" time="29,121" classname="critical.transaction.Refund" />
                <testcase name="PartialPreauthRefundSimpleSapmaxPartialMerchant" time="47,149" classname="critical.transaction.Refund" />
                <testcase name="FullPreauthRefund3DSSapmaxPartPartMerchant" time="64,677" classname="critical.transaction.Refund" />
                <testcase name="PendingRefund3DSSapmaxFullMerchant" time="43,335" classname="critical.transaction.Refund" />
                <testcase name="PartialPreauthRefund3DSPartPartAdmin" time="42,932" classname="critical.transaction.Refund" />
                <testcase name="PendingRefund3DSSapmaxPartialAdmin" time="39,558" classname="critical.transaction.Refund" />
                <testcase name="PartialPreauthRefundSimpleFullAdmin" time="28,756" classname="critical.transaction.Refund" />
                <testcase name="PartialPreauthRefundSimplePartialAdmin" time="29,199" classname="critical.transaction.Refund" />
                <testcase name="FullPreauthRefund3DSSapmaxPartialAdmin" time="47,350" classname="critical.transaction.Refund" />
                <testcase name="PartialPreauthRefund3DSSapmaxPartPartAdmin" time="65,730" classname="critical.transaction.Refund" />
                <testcase name="PartialPreauthRefund3DSSapmaxPartPartMerchant" time="64,121" classname="critical.transaction.Refund" />
                <testcase name="PendingRefundSimplePartPartMerchant" time="64,341" classname="critical.transaction.Refund" />
                <testcase name="PendingRefund3DSSapmaxPartPartAdmin" time="57,802" classname="critical.transaction.Refund" />
                <testcase name="PartialPreauthRefundSimpleSapmaxFullAdmin" time="48,291" classname="critical.transaction.Refund" />
                <testcase name="FullPreauthRefund3DSPartialMerchant" time="29,603" classname="critical.transaction.Refund" />
                <testcase name="FullPreauthRefundSimpleFullMerchant" time="29,204" classname="critical.transaction.Refund" />
                <testcase name="FullPreauthRefundSimpleSapmaxPartPartMerchant" time="64,293" classname="critical.transaction.Refund" />
                <testcase name="PartialPreauthRefund3DSSapmaxPartialAdmin" time="47,618" classname="critical.transaction.Refund" />
                <testcase name="PartialPreauthRefund3DSFullMerchant" time="30,365" classname="critical.transaction.Refund" />
                <testcase name="FullPreauthRefund3DSSapmaxFullAdmin" time="49,056" classname="critical.transaction.Refund" />
                <testcase name="FullPreauthRefundSimplePartPartAdmin" time="41,445" classname="critical.transaction.Refund" />
                <testcase name="PendingRefundSimpleSapmaxPartialAdmin" time="38,976" classname="critical.transaction.Refund" />
                <testcase name="PendingRefundSimpleSapmaxPartPartMerchant" time="58,509" classname="critical.transaction.Refund" />
                <testcase name="FullPreauthRefund3DSFullMerchant" time="30,613" classname="critical.transaction.Refund" />
                <testcase name="PartialPreauthRefundSimpleSapmaxPartPartMerchant" time="62,697" classname="critical.transaction.Refund" />
                <testcase name="PartialPreauthRefundSimplePartPartMerchant" time="46,283" classname="critical.transaction.Refund" />
                <testcase name="PendingRefundSimpleSapmaxPartPartAdmin" time="57,431" classname="critical.transaction.Refund" />
                <testcase name="FullPreauthRefund3DSFullAdmin" time="29,284" classname="critical.transaction.Refund" />
                <testcase name="PendingRefundSimplePartialAdmin" time="42,478" classname="critical.transaction.Refund" />
                <testcase name="PartialPreauthRefundSimpleFullMerchant" time="29,494" classname="critical.transaction.Refund" />
                <testcase name="PendingRefundSimpleFullAdmin" time="42,149" classname="critical.transaction.Refund" />
                <testcase name="PartialPreauthRefundSimpleSapmaxPartialAdmin" time="46,781" classname="critical.transaction.Refund" />
                <testcase name="FullPreauthRefundSimplePartPartMerchant" time="44,957" classname="critical.transaction.Refund" />
                <testcase name="PartialPreauthRefund3DSSapmaxFullAdmin" time="48,063" classname="critical.transaction.Refund" />
                <testcase name="FullPreauthRefundSimpleFullAdmin" time="28,720" classname="critical.transaction.Refund" />
                <testcase name="FullPreauthRefund3DSSapmaxFullMerchant" time="48,014" classname="critical.transaction.Refund" />
                <testcase name="PendingRefund3DSPartPartAdmin" time="35,394" classname="critical.transaction.Refund" />
                <testcase name="PendingRefund3DSFullMerchant" time="24,372" classname="critical.transaction.Refund" />
                <testcase name="PendingRefundSimplePartialMerchant" time="44,150" classname="critical.transaction.Refund" />
                <testcase name="FullPreauthRefundSimpleSapmaxPartialAdmin" time="47,069" classname="critical.transaction.Refund" />
                <testcase name="PendingRefund3DSSapmaxFullAdmin" time="42,203" classname="critical.transaction.Refund" />
      
</testsuite>
