<?xml version="1.0" encoding="UTF-8"?>
<testsuite name="Critical Test"
           tests="32"
           failures="0"
           errors="0"
           skipped="0"
           time="1165,267">
  <properties />
  
  
            <testcase name="SimpleFullCompletedPreAuthVoid" time="30,189" classname="critical.transaction.Voided" />
                <testcase name="SimplePendingVoidAdmin" time="45,814" classname="critical.transaction.Voided" />
                <testcase name="SimpleSapmaxPreAuthVoidAdmin" time="38,549" classname="critical.transaction.Voided" />
                <testcase name="threeDSSapmaxPreAuthVoid" time="40,997" classname="critical.transaction.Voided" />
                <testcase name="SimpleFullCompletedPreAuthVoidAdmin" time="28,377" classname="critical.transaction.Voided" />
                <testcase name="threeDSSapmaxPendingVoidAdmin" time="39,498" classname="critical.transaction.Voided" />
                <testcase name="threeDSSapmaxFullCompletedPreAuthVoidAdmin" time="47,158" classname="critical.transaction.Voided" />
                <testcase name="SimpleSapmaxPartialCompletedPreAuthVoid" time="50,492" classname="critical.transaction.Voided" />
                <testcase name="threeDSSapmaxPreAuthVoidAdmin" time="39,768" classname="critical.transaction.Voided" />
                <testcase name="SimplePreAuthVoid" time="22,368" classname="critical.transaction.Voided" />
                <testcase name="SimplePartialCompletedPreAuthVoid" time="29,811" classname="critical.transaction.Voided" />
                <testcase name="threeDSPendingVoidAdmin" time="22,410" classname="critical.transaction.Voided" />
                <testcase name="threeDSPartialCompletedPreAuthVoidAdmin" time="28,487" classname="critical.transaction.Voided" />
                <testcase name="threeDSPendingVoid" time="23,350" classname="critical.transaction.Voided" />
                <testcase name="SimpleSapmaxPendingVoidAdmin" time="40,082" classname="critical.transaction.Voided" />
                <testcase name="SimpleSapmaxFullCompletedPreAuthVoidAdmin" time="46,241" classname="critical.transaction.Voided" />
                <testcase name="SimplePreAuthVoidAdmin" time="21,139" classname="critical.transaction.Voided" />
                <testcase name="threeDSPreAuthVoid" time="22,813" classname="critical.transaction.Voided" />
                <testcase name="SimpleSapmaxFullCompletedPreAuthVoid" time="47,022" classname="critical.transaction.Voided" />
                <testcase name="threeDSSapmaxFullCompletedPreAuthVoid" time="50,352" classname="critical.transaction.Voided" />
                <testcase name="SimplePartialCompletedPreAuthVoidAdmin" time="28,250" classname="critical.transaction.Voided" />
                <testcase name="SimpleSapmaxPendingVoid" time="41,833" classname="critical.transaction.Voided" />
                <testcase name="threeDSFullCompletedPreAuthVoid" time="29,611" classname="critical.transaction.Voided" />
                <testcase name="SimplePendingVoid" time="43,740" classname="critical.transaction.Voided" />
                <testcase name="threeDSSapmaxPendingVoid" time="41,273" classname="critical.transaction.Voided" />
                <testcase name="threeDSSapmaxPartialCompletedPreAuthVoidAdmin" time="47,450" classname="critical.transaction.Voided" />
                <testcase name="threeDSPreAuthVoidAdmin" time="22,081" classname="critical.transaction.Voided" />
                <testcase name="threeDSPartialCompletedPreAuthVoid" time="29,782" classname="critical.transaction.Voided" />
                <testcase name="SimpleSapmaxPartialCompletedPreAuthVoidAdmin" time="48,815" classname="critical.transaction.Voided" />
                <testcase name="threeDSSapmaxPartialCompletedPreAuthVoid" time="47,719" classname="critical.transaction.Voided" />
                <testcase name="threeDSFullCompletedPreAuthVoidAdmin" time="28,473" classname="critical.transaction.Voided" />
                <testcase name="SimpleSapmaxPreAuthVoid" time="41,323" classname="critical.transaction.Voided" />
      
</testsuite>
