<?xml version="1.0" encoding="UTF-8"?>
<testsuite name="Critical Test"
           tests="3"
           failures="0"
           errors="0"
           skipped="0"
           time="60,604">
  <properties />
  
  
            <testcase name="threeDSTransactionPreAuthFull" time="20,128" classname="critical.transaction.ThreeDSTransaction" />
                <testcase name="threeDSTransactionPreAuthPartial" time="20,049" classname="critical.transaction.ThreeDSTransaction" />
                <testcase name="threeDSTransactionPending" time="20,427" classname="critical.transaction.ThreeDSTransaction" />
      
</testsuite>
