<?xml version="1.0" encoding="UTF-8"?>
<testsuite name="Critical Test"
           tests="3"
           failures="0"
           errors="0"
           skipped="0"
           time="117,706">
  <properties />
  
  
            <testcase name="threeDSTransactionPending" time="38,097" classname="critical.transaction.ThreeDSTransaction_Sapmax" />
                <testcase name="preAuthTransactionFull" time="40,142" classname="critical.transaction.ThreeDSTransaction_Sapmax" />
                <testcase name="preAuthTransactionPartial" time="39,467" classname="critical.transaction.ThreeDSTransaction_Sapmax" />
      
</testsuite>
